{"/Users/axelvanraes/dev/tiro-medical-forms/src/Controlled/ChoiceField.tsx": {"path":"/Users/axelvanraes/dev/tiro-medical-forms/src/Controlled/ChoiceField.tsx","statementMap":{"0":{"start":{"line":1,"column":0},"end":{"line":1,"column":25}},"1":{"start":{"line":2,"column":0},"end":{"line":2,"column":56}},"2":{"start":{"line":3,"column":0},"end":{"line":3,"column":36}},"3":{"start":{"line":4,"column":0},"end":{"line":4,"column":null}},"4":{"start":{"line":9,"column":0},"end":{"line":9,"column":32}},"5":{"start":{"line":10,"column":0},"end":{"line":10,"column":62}},"6":{"start":{"line":13,"column":0},"end":{"line":13,"column":34}},"7":{"start":{"line":19,"column":28},"end":{"line":19,"column":45}},"8":{"start":{"line":21,"column":2},"end":{"line":43,"column":null}},"9":{"start":{"line":23,"column":6},"end":{"line":27,"column":null}},"10":{"start":{"line":33,"column":6},"end":{"line":39,"column":null}},"11":{"start":{"line":42,"column":6},"end":{"line":42,"column":21}},"12":{"start":{"line":53,"column":27},"end":{"line":161,"column":1}},"13":{"start":{"line":54,"column":6},"end":{"line":54,"column":null}},"14":{"start":{"line":55,"column":11},"end":{"line":55,"column":null}},"15":{"start":{"line":56,"column":22},"end":{"line":56,"column":null}},"16":{"start":{"line":57,"column":13},"end":{"line":57,"column":null}},"17":{"start":{"line":58,"column":14},"end":{"line":58,"column":null}},"18":{"start":{"line":60,"column":46},"end":{"line":60,"column":67}},"19":{"start":{"line":60,"column":23},"end":{"line":60,"column":25}},"20":{"start":{"line":60,"column":42},"end":{"line":60,"column":46}},"21":{"start":{"line":61,"column":46},"end":{"line":61,"column":60}},"22":{"start":{"line":61,"column":9},"end":{"line":61,"column":11}},"23":{"start":{"line":61,"column":16},"end":{"line":61,"column":18}},"24":{"start":{"line":61,"column":24},"end":{"line":61,"column":26}},"25":{"start":{"line":61,"column":40},"end":{"line":61,"column":46}},"26":{"start":{"line":72,"column":6},"end":{"line":94,"column":4}},"27":{"start":{"line":75,"column":28},"end":{"line":75,"column":null}},"28":{"start":{"line":77,"column":37},"end":{"line":77,"column":72}},"29":{"start":{"line":78,"column":6},"end":{"line":81,"column":null}},"30":{"start":{"line":79,"column":8},"end":{"line":79,"column":null}},"31":{"start":{"line":80,"column":8},"end":{"line":80,"column":14}},"32":{"start":{"line":82,"column":6},"end":{"line":86,"column":8}},"33":{"start":{"line":84,"column":10},"end":{"line":84,"column":null}},"34":{"start":{"line":88,"column":41},"end":{"line":88,"column":43}},"35":{"start":{"line":89,"column":6},"end":{"line":89,"column":54}},"36":{"start":{"line":90,"column":6},"end":{"line":90,"column":null}},"37":{"start":{"line":63,"column":10},"end":{"line":63,"column":null}},"38":{"start":{"line":64,"column":12},"end":{"line":64,"column":null}},"39":{"start":{"line":65,"column":24},"end":{"line":65,"column":null}},"40":{"start":{"line":66,"column":17},"end":{"line":66,"column":null}},"41":{"start":{"line":67,"column":16},"end":{"line":67,"column":null}},"42":{"start":{"line":68,"column":17},"end":{"line":68,"column":null}},"43":{"start":{"line":69,"column":20},"end":{"line":69,"column":null}},"44":{"start":{"line":70,"column":20},"end":{"line":70,"column":null}},"45":{"start":{"line":71,"column":16},"end":{"line":71,"column":null}},"46":{"start":{"line":95,"column":19},"end":{"line":95,"column":47}},"47":{"start":{"line":96,"column":23},"end":{"line":96,"column":59}},"48":{"start":{"line":97,"column":24},"end":{"line":97,"column":92}},"49":{"start":{"line":100,"column":4},"end":{"line":123,"column":null}},"50":{"start":{"line":109,"column":44},"end":{"line":123,"column":10}},"51":{"start":{"line":127,"column":2},"end":{"line":160,"column":4}},"52":{"start":{"line":134,"column":14},"end":{"line":134,"column":null}},"53":{"start":{"line":53,"column":13},"end":{"line":53,"column":27}}},"fnMap":{"0":{"name":"stateReducer","decl":{"start":{"line":15,"column":9},"end":{"line":15,"column":21}},"loc":{"start":{"line":17,"column":58},"end":{"line":44,"column":1}}},"1":{"name":"(anonymous_4)","decl":{"start":{"line":53,"column":27},"end":{"line":53,"column":28}},"loc":{"start":{"line":59,"column":20},"end":{"line":161,"column":1}}},"2":{"name":"(anonymous_5)","decl":{"start":{"line":75,"column":18},"end":{"line":75,"column":19}},"loc":{"start":{"line":75,"column":23},"end":{"line":75,"column":null}}},"3":{"name":"(anonymous_6)","decl":{"start":{"line":77,"column":24},"end":{"line":77,"column":25}},"loc":{"start":{"line":77,"column":72},"end":{"line":87,"column":5}}},"4":{"name":"(anonymous_7)","decl":{"start":{"line":83,"column":27},"end":{"line":83,"column":28}},"loc":{"start":{"line":83,"column":34},"end":{"line":84,"column":null}}},"5":{"name":"(anonymous_8)","decl":{"start":{"line":88,"column":26},"end":{"line":88,"column":27}},"loc":{"start":{"line":88,"column":43},"end":{"line":91,"column":5}}},"6":{"name":"(anonymous_9)","decl":{"start":{"line":109,"column":27},"end":{"line":109,"column":28}},"loc":{"start":{"line":109,"column":39},"end":{"line":109,"column":null}}},"7":{"name":"(anonymous_10)","decl":{"start":{"line":133,"column":21},"end":{"line":133,"column":null}},"loc":{"start":{"line":133,"column":21},"end":{"line":135,"column":13}}}},"branchMap":{"0":{"loc":{"start":{"line":21,"column":2},"end":{"line":43,"column":null}},"type":"switch","locations":[{"start":{"line":22,"column":4},"end":{"line":27,"column":null}},{"start":{"line":30,"column":4},"end":{"line":30,"column":48}},{"start":{"line":31,"column":4},"end":{"line":31,"column":56}},{"start":{"line":32,"column":4},"end":{"line":39,"column":null}},{"start":{"line":41,"column":4},"end":{"line":42,"column":21}}]},"1":{"loc":{"start":{"line":36,"column":12},"end":{"line":39,"column":10}},"type":"binary-expr","locations":[{"start":{"line":36,"column":12},"end":{"line":36,"column":32}},{"start":{"line":36,"column":36},"end":{"line":39,"column":10}}]},"2":{"loc":{"start":{"line":75,"column":28},"end":{"line":75,"column":47}},"type":"cond-expr","locations":[{"start":{"line":75,"column":41},"end":{"line":75,"column":45}},{"start":{"line":75,"column":45},"end":{"line":75,"column":47}}]},"3":{"loc":{"start":{"line":75,"column":28},"end":{"line":75,"column":45}},"type":"binary-expr","locations":[{"start":{"line":75,"column":28},"end":{"line":75,"column":45}},{"start":{"line":75,"column":41},"end":{"line":75,"column":45}}]},"4":{"loc":{"start":{"line":75,"column":28},"end":{"line":75,"column":41}},"type":"cond-expr","locations":[{"start":{"line":75,"column":32},"end":{"line":75,"column":34}},{"start":{"line":75,"column":28},"end":{"line":75,"column":41}}]},"5":{"loc":{"start":{"line":75,"column":28},"end":{"line":75,"column":34}},"type":"binary-expr","locations":[{"start":{"line":75,"column":28},"end":{"line":75,"column":34}},{"start":{"line":75,"column":28},"end":{"line":75,"column":34}}]},"6":{"loc":{"start":{"line":78,"column":6},"end":{"line":81,"column":null}},"type":"if","locations":[{"start":{"line":78,"column":6},"end":{"line":81,"column":null}}]},"7":{"loc":{"start":{"line":78,"column":10},"end":{"line":78,"column":48}},"type":"binary-expr","locations":[{"start":{"line":78,"column":10},"end":{"line":78,"column":21}},{"start":{"line":78,"column":25},"end":{"line":78,"column":48}}]},"8":{"loc":{"start":{"line":84,"column":50},"end":{"line":84,"column":81}},"type":"cond-expr","locations":[{"start":{"line":84,"column":75},"end":{"line":84,"column":79}},{"start":{"line":84,"column":79},"end":{"line":84,"column":81}}]},"9":{"loc":{"start":{"line":84,"column":50},"end":{"line":84,"column":79}},"type":"binary-expr","locations":[{"start":{"line":84,"column":50},"end":{"line":84,"column":79}},{"start":{"line":84,"column":75},"end":{"line":84,"column":79}}]},"10":{"loc":{"start":{"line":84,"column":50},"end":{"line":84,"column":75}},"type":"cond-expr","locations":[{"start":{"line":84,"column":60},"end":{"line":84,"column":62}},{"start":{"line":84,"column":50},"end":{"line":84,"column":75}}]},"11":{"loc":{"start":{"line":84,"column":50},"end":{"line":84,"column":62}},"type":"binary-expr","locations":[{"start":{"line":84,"column":50},"end":{"line":84,"column":62}},{"start":{"line":84,"column":50},"end":{"line":84,"column":62}}]},"12":{"loc":{"start":{"line":89,"column":6},"end":{"line":89,"column":53}},"type":"binary-expr","locations":[{"start":{"line":89,"column":6},"end":{"line":89,"column":14}},{"start":{"line":89,"column":18},"end":{"line":89,"column":53}}]},"13":{"loc":{"start":{"line":89,"column":27},"end":{"line":89,"column":52}},"type":"cond-expr","locations":[{"start":{"line":89,"column":27},"end":{"line":89,"column":39}},{"start":{"line":89,"column":43},"end":{"line":89,"column":52}}]},"14":{"loc":{"start":{"line":89,"column":27},"end":{"line":89,"column":43}},"type":"binary-expr","locations":[{"start":{"line":89,"column":27},"end":{"line":89,"column":43}},{"start":{"line":89,"column":27},"end":{"line":89,"column":43}}]},"15":{"loc":{"start":{"line":96,"column":23},"end":{"line":96,"column":59}},"type":"binary-expr","locations":[{"start":{"line":96,"column":23},"end":{"line":96,"column":35}},{"start":{"line":96,"column":39},"end":{"line":96,"column":59}}]},"16":{"loc":{"start":{"line":97,"column":24},"end":{"line":97,"column":92}},"type":"cond-expr","locations":[{"start":{"line":97,"column":39},"end":{"line":97,"column":80}},{"start":{"line":97,"column":83},"end":{"line":97,"column":92}}]},"17":{"loc":{"start":{"line":97,"column":39},"end":{"line":97,"column":80}},"type":"cond-expr","locations":[{"start":{"line":97,"column":55},"end":{"line":97,"column":57}},{"start":{"line":97,"column":55},"end":{"line":97,"column":80}}]},"18":{"loc":{"start":{"line":97,"column":39},"end":{"line":97,"column":57}},"type":"binary-expr","locations":[{"start":{"line":97,"column":39},"end":{"line":97,"column":57}},{"start":{"line":97,"column":55},"end":{"line":97,"column":57}}]},"19":{"loc":{"start":{"line":108,"column":7},"end":{"line":123,"column":10}},"type":"binary-expr","locations":[{"start":{"line":108,"column":7},"end":{"line":108,"column":13}},{"start":{"line":109,"column":8},"end":{"line":123,"column":10}}]},"20":{"loc":{"start":{"line":134,"column":14},"end":{"line":134,"column":35}},"type":"binary-expr","locations":[{"start":{"line":134,"column":14},"end":{"line":134,"column":21}},{"start":{"line":134,"column":25},"end":{"line":134,"column":35}}]},"21":{"loc":{"start":{"line":141,"column":14},"end":{"line":141,"column":41}},"type":"cond-expr","locations":[{"start":{"line":141,"column":36},"end":{"line":141,"column":40}},{"start":{"line":141,"column":40},"end":{"line":141,"column":41}}]},"22":{"loc":{"start":{"line":141,"column":14},"end":{"line":141,"column":40}},"type":"binary-expr","locations":[{"start":{"line":141,"column":14},"end":{"line":141,"column":40}},{"start":{"line":141,"column":36},"end":{"line":141,"column":40}}]},"23":{"loc":{"start":{"line":141,"column":14},"end":{"line":141,"column":36}},"type":"cond-expr","locations":[{"start":{"line":141,"column":28},"end":{"line":141,"column":30}},{"start":{"line":141,"column":28},"end":{"line":141,"column":36}}]},"24":{"loc":{"start":{"line":141,"column":14},"end":{"line":141,"column":30}},"type":"binary-expr","locations":[{"start":{"line":141,"column":14},"end":{"line":141,"column":30}},{"start":{"line":141,"column":28},"end":{"line":141,"column":30}}]},"25":{"loc":{"start":{"line":141,"column":14},"end":{"line":141,"column":28}},"type":"cond-expr","locations":[{"start":{"line":141,"column":19},"end":{"line":141,"column":21}},{"start":{"line":141,"column":14},"end":{"line":141,"column":28}}]},"26":{"loc":{"start":{"line":141,"column":14},"end":{"line":141,"column":21}},"type":"binary-expr","locations":[{"start":{"line":141,"column":14},"end":{"line":141,"column":21}},{"start":{"line":141,"column":14},"end":{"line":141,"column":21}}]},"27":{"loc":{"start":{"line":142,"column":14},"end":{"line":142,"column":38}},"type":"cond-expr","locations":[{"start":{"line":142,"column":33},"end":{"line":142,"column":37}},{"start":{"line":142,"column":37},"end":{"line":142,"column":38}}]},"28":{"loc":{"start":{"line":142,"column":14},"end":{"line":142,"column":37}},"type":"binary-expr","locations":[{"start":{"line":142,"column":14},"end":{"line":142,"column":37}},{"start":{"line":142,"column":33},"end":{"line":142,"column":37}}]},"29":{"loc":{"start":{"line":142,"column":14},"end":{"line":142,"column":33}},"type":"cond-expr","locations":[{"start":{"line":142,"column":25},"end":{"line":142,"column":27}},{"start":{"line":142,"column":14},"end":{"line":142,"column":33}}]},"30":{"loc":{"start":{"line":142,"column":14},"end":{"line":142,"column":27}},"type":"binary-expr","locations":[{"start":{"line":142,"column":14},"end":{"line":142,"column":27}},{"start":{"line":142,"column":14},"end":{"line":142,"column":27}}]},"31":{"loc":{"start":{"line":158,"column":7},"end":{"line":158,"column":122}},"type":"cond-expr","locations":[{"start":{"line":158,"column":46},"end":{"line":158,"column":105}},{"start":{"line":158,"column":108},"end":{"line":158,"column":122}}]},"32":{"loc":{"start":{"line":158,"column":7},"end":{"line":158,"column":43}},"type":"binary-expr","locations":[{"start":{"line":158,"column":7},"end":{"line":158,"column":19}},{"start":{"line":158,"column":23},"end":{"line":158,"column":43}}]}},"s":{"0":2,"1":2,"2":2,"3":2,"4":2,"5":2,"6":2,"7":0,"8":0,"9":0,"10":0,"11":0,"12":2,"13":0,"14":0,"15":0,"16":0,"17":0,"18":0,"19":0,"20":0,"21":0,"22":0,"23":0,"24":0,"25":0,"26":0,"27":0,"28":0,"29":0,"30":0,"31":0,"32":0,"33":0,"34":0,"35":0,"36":0,"37":0,"38":0,"39":0,"40":0,"41":0,"42":0,"43":0,"44":0,"45":0,"46":0,"47":0,"48":0,"49":0,"50":0,"51":0,"52":0,"53":2},"f":{"0":0,"1":0,"2":0,"3":0,"4":0,"5":0,"6":0,"7":0},"b":{"0":[0,0,0,0,0],"1":[0,0],"2":[0,0],"3":[0,0],"4":[0,0],"5":[0,0],"6":[0],"7":[0,0],"8":[0,0],"9":[0,0],"10":[0,0],"11":[0,0],"12":[0,0],"13":[0,0],"14":[0,0],"15":[0,0],"16":[0,0],"17":[0,0],"18":[0,0],"19":[0,0],"20":[0,0],"21":[0,0],"22":[0,0],"23":[0,0],"24":[0,0],"25":[0,0],"26":[0,0],"27":[0,0],"28":[0,0],"29":[0,0],"30":[0,0],"31":[0,0],"32":[0,0]}}
,"/Users/axelvanraes/dev/tiro-medical-forms/src/FHIR/types.ts": {"path":"/Users/axelvanraes/dev/tiro-medical-forms/src/FHIR/types.ts","statementMap":{"0":{"start":{"line":3,"column":0},"end":{"line":3,"column":146}},"1":{"start":{"line":6,"column":13},"end":{"line":6,"column":null}},"2":{"start":{"line":13,"column":13},"end":{"line":13,"column":null}},"3":{"start":{"line":15,"column":13},"end":{"line":15,"column":null}},"4":{"start":{"line":16,"column":13},"end":{"line":16,"column":null}},"5":{"start":{"line":17,"column":13},"end":{"line":17,"column":null}},"6":{"start":{"line":18,"column":13},"end":{"line":18,"column":null}},"7":{"start":{"line":19,"column":13},"end":{"line":19,"column":null}},"8":{"start":{"line":20,"column":13},"end":{"line":20,"column":null}},"9":{"start":{"line":21,"column":13},"end":{"line":21,"column":null}},"10":{"start":{"line":32,"column":64},"end":{"line":32,"column":134}},"11":{"start":{"line":32,"column":128},"end":{"line":32,"column":null}},"12":{"start":{"line":32,"column":13},"end":{"line":32,"column":64}},"13":{"start":{"line":44,"column":13},"end":{"line":49,"column":null}},"14":{"start":{"line":79,"column":13},"end":{"line":82,"column":null}},"15":{"start":{"line":86,"column":13},"end":{"line":89,"column":null}}},"fnMap":{"0":{"name":"(anonymous_0)","decl":{"start":{"line":32,"column":64},"end":{"line":32,"column":89}},"loc":{"start":{"line":32,"column":123},"end":{"line":32,"column":134}}}},"branchMap":{},"s":{"0":7,"1":7,"2":7,"3":7,"4":7,"5":7,"6":7,"7":7,"8":7,"9":7,"10":7,"11":0,"12":7,"13":7,"14":7,"15":7},"f":{"0":0},"b":{}}
,"/Users/axelvanraes/dev/tiro-medical-forms/src/FHIR/validate.ts": {"path":"/Users/axelvanraes/dev/tiro-medical-forms/src/FHIR/validate.ts","statementMap":{"0":{"start":{"line":2,"column":0},"end":{"line":2,"column":152}},"1":{"start":{"line":3,"column":0},"end":{"line":3,"column":103}},"2":{"start":{"line":5,"column":13},"end":{"line":5,"column":null}},"3":{"start":{"line":5,"column":60},"end":{"line":5,"column":95}},"4":{"start":{"line":6,"column":13},"end":{"line":6,"column":null}},"5":{"start":{"line":6,"column":73},"end":{"line":6,"column":84}},"6":{"start":{"line":7,"column":13},"end":{"line":7,"column":null}},"7":{"start":{"line":7,"column":78},"end":{"line":7,"column":113}},"8":{"start":{"line":8,"column":13},"end":{"line":8,"column":null}},"9":{"start":{"line":8,"column":66},"end":{"line":8,"column":101}},"10":{"start":{"line":9,"column":44},"end":{"line":9,"column":65}},"11":{"start":{"line":9,"column":59},"end":{"line":9,"column":null}},"12":{"start":{"line":9,"column":92},"end":{"line":9,"column":119}},"13":{"start":{"line":9,"column":13},"end":{"line":9,"column":44}},"14":{"start":{"line":10,"column":13},"end":{"line":10,"column":null}},"15":{"start":{"line":10,"column":84},"end":{"line":10,"column":119}},"16":{"start":{"line":12,"column":13},"end":{"line":12,"column":null}},"17":{"start":{"line":12,"column":66},"end":{"line":12,"column":76}},"18":{"start":{"line":13,"column":13},"end":{"line":13,"column":null}},"19":{"start":{"line":13,"column":84},"end":{"line":13,"column":117}},"20":{"start":{"line":14,"column":33},"end":{"line":14,"column":55}},"21":{"start":{"line":14,"column":49},"end":{"line":14,"column":null}},"22":{"start":{"line":14,"column":99},"end":{"line":14,"column":109}},"23":{"start":{"line":14,"column":13},"end":{"line":14,"column":33}},"24":{"start":{"line":15,"column":47},"end":{"line":15,"column":71}},"25":{"start":{"line":15,"column":65},"end":{"line":15,"column":null}},"26":{"start":{"line":15,"column":137},"end":{"line":15,"column":158}},"27":{"start":{"line":15,"column":13},"end":{"line":15,"column":47}},"28":{"start":{"line":16,"column":55},"end":{"line":16,"column":79}},"29":{"start":{"line":16,"column":73},"end":{"line":16,"column":null}},"30":{"start":{"line":16,"column":191},"end":{"line":16,"column":256}},"31":{"start":{"line":16,"column":13},"end":{"line":16,"column":55}},"32":{"start":{"line":18,"column":63},"end":{"line":25,"column":null}},"33":{"start":{"line":28,"column":4},"end":{"line":30,"column":null}},"34":{"start":{"line":28,"column":33},"end":{"line":28,"column":39}},"35":{"start":{"line":28,"column":33},"end":{"line":28,"column":69}},"36":{"start":{"line":28,"column":15},"end":{"line":28,"column":16}},"37":{"start":{"line":28,"column":21},"end":{"line":28,"column":23}},"38":{"start":{"line":28,"column":28},"end":{"line":28,"column":29}},"39":{"start":{"line":29,"column":8},"end":{"line":29,"column":null}},"40":{"start":{"line":29,"column":26},"end":{"line":29,"column":null}},"41":{"start":{"line":31,"column":4},"end":{"line":31,"column":null}},"42":{"start":{"line":27,"column":0},"end":{"line":27,"column":16}},"43":{"start":{"line":35,"column":4},"end":{"line":35,"column":null}},"44":{"start":{"line":35,"column":26},"end":{"line":35,"column":null}},"45":{"start":{"line":36,"column":4},"end":{"line":36,"column":null}},"46":{"start":{"line":36,"column":26},"end":{"line":36,"column":null}},"47":{"start":{"line":37,"column":4},"end":{"line":37,"column":null}},"48":{"start":{"line":37,"column":25},"end":{"line":37,"column":null}},"49":{"start":{"line":38,"column":4},"end":{"line":38,"column":null}},"50":{"start":{"line":38,"column":23},"end":{"line":38,"column":null}},"51":{"start":{"line":39,"column":4},"end":{"line":39,"column":null}},"52":{"start":{"line":39,"column":30},"end":{"line":39,"column":null}},"53":{"start":{"line":40,"column":4},"end":{"line":40,"column":null}},"54":{"start":{"line":34,"column":0},"end":{"line":34,"column":16}},"55":{"start":{"line":43,"column":67},"end":{"line":43,"column":null}},"56":{"start":{"line":44,"column":48},"end":{"line":44,"column":50}},"57":{"start":{"line":45,"column":4},"end":{"line":65,"column":null}},"58":{"start":{"line":45,"column":35},"end":{"line":45,"column":37}},"59":{"start":{"line":45,"column":42},"end":{"line":45,"column":43}},"60":{"start":{"line":46,"column":19},"end":{"line":46,"column":64}},"61":{"start":{"line":47,"column":8},"end":{"line":63,"column":null}},"62":{"start":{"line":48,"column":12},"end":{"line":59,"column":null}},"63":{"start":{"line":49,"column":16},"end":{"line":53,"column":null}},"64":{"start":{"line":50,"column":32},"end":{"line":50,"column":54}},"65":{"start":{"line":51,"column":44},"end":{"line":51,"column":73}},"66":{"start":{"line":52,"column":20},"end":{"line":52,"column":null}},"67":{"start":{"line":56,"column":33},"end":{"line":56,"column":72}},"68":{"start":{"line":56,"column":55},"end":{"line":56,"column":72}},"69":{"start":{"line":57,"column":30},"end":{"line":57,"column":56}},"70":{"start":{"line":58,"column":16},"end":{"line":58,"column":null}},"71":{"start":{"line":62,"column":12},"end":{"line":62,"column":null}},"72":{"start":{"line":64,"column":8},"end":{"line":64,"column":null}},"73":{"start":{"line":66,"column":4},"end":{"line":66,"column":null}},"74":{"start":{"line":43,"column":0},"end":{"line":43,"column":16}},"75":{"start":{"line":70,"column":17},"end":{"line":70,"column":19}},"76":{"start":{"line":71,"column":4},"end":{"line":89,"column":null}},"77":{"start":{"line":71,"column":23},"end":{"line":71,"column":28}},"78":{"start":{"line":71,"column":19},"end":{"line":71,"column":23}},"79":{"start":{"line":72,"column":8},"end":{"line":74,"column":null}},"80":{"start":{"line":73,"column":12},"end":{"line":73,"column":null}},"81":{"start":{"line":75,"column":8},"end":{"line":79,"column":null}},"82":{"start":{"line":76,"column":12},"end":{"line":78,"column":null}},"83":{"start":{"line":76,"column":32},"end":{"line":76,"column":38}},"84":{"start":{"line":76,"column":32},"end":{"line":76,"column":61}},"85":{"start":{"line":76,"column":28},"end":{"line":76,"column":32}},"86":{"start":{"line":77,"column":16},"end":{"line":77,"column":null}},"87":{"start":{"line":80,"column":8},"end":{"line":88,"column":null}},"88":{"start":{"line":81,"column":36},"end":{"line":81,"column":38}},"89":{"start":{"line":82,"column":12},"end":{"line":82,"column":null}},"90":{"start":{"line":83,"column":12},"end":{"line":87,"column":null}},"91":{"start":{"line":83,"column":33},"end":{"line":83,"column":37}},"92":{"start":{"line":83,"column":33},"end":{"line":83,"column":44}},"93":{"start":{"line":83,"column":29},"end":{"line":83,"column":33}},"94":{"start":{"line":84,"column":16},"end":{"line":86,"column":null}},"95":{"start":{"line":84,"column":36},"end":{"line":84,"column":42}},"96":{"start":{"line":84,"column":36},"end":{"line":84,"column":57}},"97":{"start":{"line":84,"column":32},"end":{"line":84,"column":36}},"98":{"start":{"line":85,"column":20},"end":{"line":85,"column":null}},"99":{"start":{"line":90,"column":4},"end":{"line":90,"column":null}},"100":{"start":{"line":69,"column":0},"end":{"line":69,"column":16}}},"fnMap":{"0":{"name":"(anonymous_2)","decl":{"start":{"line":5,"column":55},"end":{"line":5,"column":56}},"loc":{"start":{"line":5,"column":56},"end":{"line":5,"column":61}}},"1":{"name":"(anonymous_3)","decl":{"start":{"line":6,"column":67},"end":{"line":6,"column":73}},"loc":{"start":{"line":6,"column":67},"end":{"line":6,"column":77}}},"2":{"name":"(anonymous_4)","decl":{"start":{"line":7,"column":73},"end":{"line":7,"column":74}},"loc":{"start":{"line":7,"column":74},"end":{"line":7,"column":79}}},"3":{"name":"(anonymous_5)","decl":{"start":{"line":8,"column":61},"end":{"line":8,"column":62}},"loc":{"start":{"line":8,"column":62},"end":{"line":8,"column":67}}},"4":{"name":"(anonymous_6)","decl":{"start":{"line":9,"column":44},"end":{"line":9,"column":45}},"loc":{"start":{"line":9,"column":54},"end":{"line":9,"column":65}}},"5":{"name":"(anonymous_7)","decl":{"start":{"line":9,"column":87},"end":{"line":9,"column":88}},"loc":{"start":{"line":9,"column":88},"end":{"line":9,"column":93}}},"6":{"name":"(anonymous_8)","decl":{"start":{"line":10,"column":79},"end":{"line":10,"column":80}},"loc":{"start":{"line":10,"column":80},"end":{"line":10,"column":85}}},"7":{"name":"(anonymous_9)","decl":{"start":{"line":12,"column":61},"end":{"line":12,"column":62}},"loc":{"start":{"line":12,"column":62},"end":{"line":12,"column":67}}},"8":{"name":"(anonymous_10)","decl":{"start":{"line":13,"column":79},"end":{"line":13,"column":80}},"loc":{"start":{"line":13,"column":80},"end":{"line":13,"column":85}}},"9":{"name":"(anonymous_11)","decl":{"start":{"line":14,"column":33},"end":{"line":14,"column":34}},"loc":{"start":{"line":14,"column":44},"end":{"line":14,"column":55}}},"10":{"name":"(anonymous_12)","decl":{"start":{"line":14,"column":93},"end":{"line":14,"column":99}},"loc":{"start":{"line":14,"column":93},"end":{"line":14,"column":108}}},"11":{"name":"(anonymous_13)","decl":{"start":{"line":15,"column":47},"end":{"line":15,"column":48}},"loc":{"start":{"line":15,"column":60},"end":{"line":15,"column":71}}},"12":{"name":"(anonymous_14)","decl":{"start":{"line":15,"column":132},"end":{"line":15,"column":133}},"loc":{"start":{"line":15,"column":133},"end":{"line":15,"column":138}}},"13":{"name":"(anonymous_15)","decl":{"start":{"line":16,"column":55},"end":{"line":16,"column":56}},"loc":{"start":{"line":16,"column":68},"end":{"line":16,"column":79}}},"14":{"name":"(anonymous_16)","decl":{"start":{"line":16,"column":186},"end":{"line":16,"column":187}},"loc":{"start":{"line":16,"column":187},"end":{"line":16,"column":192}}},"15":{"name":"mapToFHIRValueField","decl":{"start":{"line":27,"column":16},"end":{"line":27,"column":35}},"loc":{"start":{"line":27,"column":42},"end":{"line":32,"column":1}}},"16":{"name":"mapToRecordValueField","decl":{"start":{"line":34,"column":16},"end":{"line":34,"column":37}},"loc":{"start":{"line":34,"column":48},"end":{"line":41,"column":1}}},"17":{"name":"convertRecordToQRItems","decl":{"start":{"line":43,"column":16},"end":{"line":43,"column":38}},"loc":{"start":{"line":43,"column":113},"end":{"line":67,"column":1}}},"18":{"name":"(anonymous_20)","decl":{"start":{"line":45,"column":30},"end":{"line":45,"column":31}},"loc":{"start":{"line":45,"column":50},"end":{"line":65,"column":5}}},"19":{"name":"(anonymous_21)","decl":{"start":{"line":49,"column":30},"end":{"line":49,"column":31}},"loc":{"start":{"line":49,"column":35},"end":{"line":53,"column":17}}},"20":{"name":"(anonymous_22)","decl":{"start":{"line":56,"column":50},"end":{"line":56,"column":51}},"loc":{"start":{"line":56,"column":51},"end":{"line":56,"column":56}}},"21":{"name":"convertQRItemsToRecord","decl":{"start":{"line":69,"column":16},"end":{"line":69,"column":38}},"loc":{"start":{"line":69,"column":74},"end":{"line":91,"column":1}}}},"branchMap":{"0":{"loc":{"start":{"line":5,"column":60},"end":{"line":5,"column":94}},"type":"cond-expr","locations":[{"start":{"line":5,"column":71},"end":{"line":5,"column":80}},{"start":{"line":5,"column":83},"end":{"line":5,"column":94}}]},"1":{"loc":{"start":{"line":7,"column":78},"end":{"line":7,"column":112}},"type":"cond-expr","locations":[{"start":{"line":7,"column":89},"end":{"line":7,"column":98}},{"start":{"line":7,"column":101},"end":{"line":7,"column":112}}]},"2":{"loc":{"start":{"line":8,"column":66},"end":{"line":8,"column":100}},"type":"cond-expr","locations":[{"start":{"line":8,"column":77},"end":{"line":8,"column":86}},{"start":{"line":8,"column":89},"end":{"line":8,"column":100}}]},"3":{"loc":{"start":{"line":9,"column":92},"end":{"line":9,"column":118}},"type":"cond-expr","locations":[{"start":{"line":9,"column":103},"end":{"line":9,"column":104}},{"start":{"line":9,"column":107},"end":{"line":9,"column":118}}]},"4":{"loc":{"start":{"line":10,"column":84},"end":{"line":10,"column":118}},"type":"cond-expr","locations":[{"start":{"line":10,"column":95},"end":{"line":10,"column":104}},{"start":{"line":10,"column":107},"end":{"line":10,"column":118}}]},"5":{"loc":{"start":{"line":13,"column":84},"end":{"line":13,"column":116}},"type":"cond-expr","locations":[{"start":{"line":13,"column":95},"end":{"line":13,"column":104}},{"start":{"line":13,"column":107},"end":{"line":13,"column":116}}]},"6":{"loc":{"start":{"line":16,"column":191},"end":{"line":16,"column":255}},"type":"cond-expr","locations":[{"start":{"line":16,"column":223},"end":{"line":16,"column":232}},{"start":{"line":16,"column":236},"end":{"line":16,"column":254}}]},"7":{"loc":{"start":{"line":16,"column":192},"end":{"line":16,"column":219}},"type":"binary-expr","locations":[{"start":{"line":16,"column":192},"end":{"line":16,"column":207}},{"start":{"line":16,"column":211},"end":{"line":16,"column":219}}]},"8":{"loc":{"start":{"line":29,"column":8},"end":{"line":29,"column":null}},"type":"if","locations":[{"start":{"line":29,"column":8},"end":{"line":29,"column":null}}]},"9":{"loc":{"start":{"line":35,"column":4},"end":{"line":35,"column":null}},"type":"if","locations":[{"start":{"line":35,"column":4},"end":{"line":35,"column":null}}]},"10":{"loc":{"start":{"line":36,"column":4},"end":{"line":36,"column":null}},"type":"if","locations":[{"start":{"line":36,"column":4},"end":{"line":36,"column":null}}]},"11":{"loc":{"start":{"line":37,"column":4},"end":{"line":37,"column":null}},"type":"if","locations":[{"start":{"line":37,"column":4},"end":{"line":37,"column":null}}]},"12":{"loc":{"start":{"line":38,"column":4},"end":{"line":38,"column":null}},"type":"if","locations":[{"start":{"line":38,"column":4},"end":{"line":38,"column":null}}]},"13":{"loc":{"start":{"line":39,"column":4},"end":{"line":39,"column":null}},"type":"if","locations":[{"start":{"line":39,"column":4},"end":{"line":39,"column":null}}]},"14":{"loc":{"start":{"line":39,"column":37},"end":{"line":39,"column":50}},"type":"cond-expr","locations":[{"start":{"line":39,"column":44},"end":{"line":39,"column":48}},{"start":{"line":39,"column":48},"end":{"line":39,"column":50}}]},"15":{"loc":{"start":{"line":39,"column":37},"end":{"line":39,"column":48}},"type":"binary-expr","locations":[{"start":{"line":39,"column":37},"end":{"line":39,"column":48}},{"start":{"line":39,"column":44},"end":{"line":39,"column":48}}]},"16":{"loc":{"start":{"line":43,"column":67},"end":{"line":43,"column":null}},"type":"if","locations":[{"start":{"line":43,"column":67},"end":{"line":43,"column":null}}]},"17":{"loc":{"start":{"line":48,"column":12},"end":{"line":59,"column":null}},"type":"if","locations":[{"start":{"line":48,"column":12},"end":{"line":59,"column":null}},{"start":{"line":54,"column":19},"end":{"line":59,"column":null}}]},"18":{"loc":{"start":{"line":51,"column":44},"end":{"line":51,"column":73}},"type":"cond-expr","locations":[{"start":{"line":51,"column":62},"end":{"line":51,"column":64}},{"start":{"line":51,"column":62},"end":{"line":51,"column":73}}]},"19":{"loc":{"start":{"line":51,"column":44},"end":{"line":51,"column":64}},"type":"binary-expr","locations":[{"start":{"line":51,"column":44},"end":{"line":51,"column":64}},{"start":{"line":51,"column":62},"end":{"line":51,"column":64}}]},"20":{"loc":{"start":{"line":58,"column":38},"end":{"line":58,"column":57}},"type":"cond-expr","locations":[{"start":{"line":58,"column":46},"end":{"line":58,"column":48}},{"start":{"line":58,"column":38},"end":{"line":58,"column":57}}]},"21":{"loc":{"start":{"line":58,"column":38},"end":{"line":58,"column":48}},"type":"binary-expr","locations":[{"start":{"line":58,"column":38},"end":{"line":58,"column":48}},{"start":{"line":58,"column":38},"end":{"line":58,"column":48}}]},"22":{"loc":{"start":{"line":72,"column":8},"end":{"line":74,"column":null}},"type":"if","locations":[{"start":{"line":72,"column":8},"end":{"line":74,"column":null}}]},"23":{"loc":{"start":{"line":75,"column":8},"end":{"line":79,"column":null}},"type":"if","locations":[{"start":{"line":75,"column":8},"end":{"line":79,"column":null}}]},"24":{"loc":{"start":{"line":80,"column":8},"end":{"line":88,"column":null}},"type":"if","locations":[{"start":{"line":80,"column":8},"end":{"line":88,"column":null}}]}},"s":{"0":7,"1":7,"2":7,"3":4,"4":7,"5":0,"6":7,"7":54,"8":7,"9":39,"10":7,"11":2,"12":2,"13":7,"14":7,"15":14,"16":7,"17":1,"18":7,"19":10,"20":7,"21":6,"22":0,"23":7,"24":7,"25":4,"26":2,"27":7,"28":7,"29":5,"30":6,"31":7,"32":7,"33":106,"34":106,"35":106,"36":268,"37":268,"38":268,"39":268,"40":104,"41":2,"42":7,"43":208,"44":49,"45":159,"46":21,"47":138,"48":9,"49":129,"50":27,"51":102,"52":14,"53":88,"54":7,"55":14,"56":7,"57":7,"58":103,"59":103,"60":103,"61":103,"62":103,"63":4,"64":7,"65":7,"66":7,"67":99,"68":0,"69":99,"70":97,"71":2,"72":103,"73":7,"74":7,"75":15,"76":15,"77":30,"78":210,"79":210,"80":6,"81":210,"82":201,"83":201,"84":201,"85":201,"86":201,"87":210,"88":3,"89":3,"90":3,"91":3,"92":3,"93":7,"94":7,"95":7,"96":7,"97":7,"98":7,"99":15,"100":7},"f":{"0":4,"1":0,"2":54,"3":39,"4":2,"5":2,"6":14,"7":1,"8":10,"9":6,"10":0,"11":4,"12":2,"13":5,"14":6,"15":106,"16":208,"17":7,"18":103,"19":7,"20":0,"21":15},"b":{"0":[0,4],"1":[4,50],"2":[0,39],"3":[0,2],"4":[0,14],"5":[0,10],"6":[0,6],"7":[6,6],"8":[104],"9":[49],"10":[21],"11":[9],"12":[27],"13":[14],"14":[7,7],"15":[14,14],"16":[7],"17":[4,99],"18":[7,0],"19":[7,7],"20":[97,0],"21":[97,97],"22":[6],"23":[201],"24":[3]}}
,"/Users/axelvanraes/dev/tiro-medical-forms/src/Questionnaires/QuestionnaireResponse.tsx": {"path":"/Users/axelvanraes/dev/tiro-medical-forms/src/Questionnaires/QuestionnaireResponse.tsx","statementMap":{"0":{"start":{"line":1,"column":0},"end":{"line":1,"column":52}},"1":{"start":{"line":2,"column":0},"end":{"line":2,"column":34}},"2":{"start":{"line":4,"column":0},"end":{"line":4,"column":52}},"3":{"start":{"line":7,"column":0},"end":{"line":7,"column":25}},"4":{"start":{"line":18,"column":41},"end":{"line":18,"column":null}},"5":{"start":{"line":18,"column":111},"end":{"line":22,"column":null}},"6":{"start":{"line":18,"column":13},"end":{"line":18,"column":41}},"7":{"start":{"line":26,"column":18},"end":{"line":26,"column":88}},"8":{"start":{"line":27,"column":40},"end":{"line":33,"column":1}},"9":{"start":{"line":28,"column":22},"end":{"line":28,"column":43}},"10":{"start":{"line":29,"column":4},"end":{"line":31,"column":null}},"11":{"start":{"line":30,"column":8},"end":{"line":30,"column":null}},"12":{"start":{"line":32,"column":4},"end":{"line":32,"column":null}},"13":{"start":{"line":27,"column":13},"end":{"line":27,"column":40}},"14":{"start":{"line":35,"column":37},"end":{"line":41,"column":1}},"15":{"start":{"line":35,"column":83},"end":{"line":35,"column":108}},"16":{"start":{"line":35,"column":110},"end":{"line":35,"column":143}},"17":{"start":{"line":35,"column":153},"end":{"line":35,"column":272}},"18":{"start":{"line":36,"column":4},"end":{"line":40,"column":null}},"19":{"start":{"line":35,"column":13},"end":{"line":35,"column":37}},"20":{"start":{"line":43,"column":22},"end":{"line":43,"column":96}},"21":{"start":{"line":51,"column":41},"end":{"line":89,"column":1}},"22":{"start":{"line":51,"column":52},"end":{"line":51,"column":54}},"23":{"start":{"line":51,"column":60},"end":{"line":51,"column":62}},"24":{"start":{"line":51,"column":66},"end":{"line":51,"column":101}},"25":{"start":{"line":52,"column":29},"end":{"line":52,"column":55}},"26":{"start":{"line":52,"column":13},"end":{"line":52,"column":15}},"27":{"start":{"line":52,"column":25},"end":{"line":52,"column":29}},"28":{"start":{"line":53,"column":24},"end":{"line":53,"column":67}},"29":{"start":{"line":53,"column":47},"end":{"line":53,"column":67}},"30":{"start":{"line":54,"column":19},"end":{"line":54,"column":102}},"31":{"start":{"line":55,"column":4},"end":{"line":57,"column":null}},"32":{"start":{"line":56,"column":8},"end":{"line":56,"column":null}},"33":{"start":{"line":59,"column":27},"end":{"line":69,"column":39}},"34":{"start":{"line":60,"column":8},"end":{"line":69,"column":12}},"35":{"start":{"line":60,"column":27},"end":{"line":69,"column":10}},"36":{"start":{"line":71,"column":22},"end":{"line":78,"column":10}},"37":{"start":{"line":72,"column":8},"end":{"line":77,"column":null}},"38":{"start":{"line":73,"column":12},"end":{"line":75,"column":null}},"39":{"start":{"line":74,"column":16},"end":{"line":74,"column":22}},"40":{"start":{"line":76,"column":12},"end":{"line":76,"column":85}},"41":{"start":{"line":81,"column":4},"end":{"line":83,"column":null}},"42":{"start":{"line":82,"column":8},"end":{"line":82,"column":null}},"43":{"start":{"line":84,"column":4},"end":{"line":88,"column":null}},"44":{"start":{"line":51,"column":13},"end":{"line":51,"column":41}},"45":{"start":{"line":91,"column":44},"end":{"line":98,"column":1}},"46":{"start":{"line":92,"column":26},"end":{"line":92,"column":51}},"47":{"start":{"line":93,"column":4},"end":{"line":95,"column":null}},"48":{"start":{"line":94,"column":8},"end":{"line":94,"column":null}},"49":{"start":{"line":96,"column":4},"end":{"line":96,"column":null}},"50":{"start":{"line":91,"column":13},"end":{"line":91,"column":44}}},"fnMap":{"0":{"name":"(anonymous_10)","decl":{"start":{"line":18,"column":41},"end":{"line":18,"column":111}},"loc":{"start":{"line":18,"column":41},"end":{"line":18,"column":null}}},"1":{"name":"(anonymous_11)","decl":{"start":{"line":27,"column":40},"end":{"line":27,"column":null}},"loc":{"start":{"line":27,"column":40},"end":{"line":33,"column":1}}},"2":{"name":"(anonymous_12)","decl":{"start":{"line":35,"column":37},"end":{"line":35,"column":73}},"loc":{"start":{"line":35,"column":272},"end":{"line":41,"column":1}}},"3":{"name":"(anonymous_13)","decl":{"start":{"line":51,"column":41},"end":{"line":51,"column":42}},"loc":{"start":{"line":51,"column":101},"end":{"line":89,"column":1}}},"4":{"name":"(anonymous_14)","decl":{"start":{"line":53,"column":42},"end":{"line":53,"column":43}},"loc":{"start":{"line":53,"column":43},"end":{"line":53,"column":48}}},"5":{"name":"(anonymous_15)","decl":{"start":{"line":59,"column":39},"end":{"line":59,"column":40}},"loc":{"start":{"line":59,"column":100},"end":{"line":60,"column":18}}},"6":{"name":"(anonymous_16)","decl":{"start":{"line":60,"column":19},"end":{"line":60,"column":20}},"loc":{"start":{"line":60,"column":22},"end":{"line":60,"column":null}}},"7":{"name":"(anonymous_17)","decl":{"start":{"line":71,"column":34},"end":{"line":71,"column":35}},"loc":{"start":{"line":71,"column":66},"end":{"line":78,"column":5}}},"8":{"name":"(anonymous_18)","decl":{"start":{"line":72,"column":23},"end":{"line":72,"column":29}},"loc":{"start":{"line":72,"column":29},"end":{"line":77,"column":9}}},"9":{"name":"(anonymous_19)","decl":{"start":{"line":91,"column":44},"end":{"line":91,"column":null}},"loc":{"start":{"line":91,"column":44},"end":{"line":98,"column":1}}}},"branchMap":{"0":{"loc":{"start":{"line":29,"column":4},"end":{"line":31,"column":null}},"type":"if","locations":[{"start":{"line":29,"column":4},"end":{"line":31,"column":null}}]},"1":{"loc":{"start":{"line":54,"column":19},"end":{"line":54,"column":102}},"type":"cond-expr","locations":[{"start":{"line":54,"column":40},"end":{"line":54,"column":90}},{"start":{"line":54,"column":93},"end":{"line":54,"column":102}}]},"2":{"loc":{"start":{"line":55,"column":4},"end":{"line":57,"column":null}},"type":"if","locations":[{"start":{"line":55,"column":4},"end":{"line":57,"column":null}}]},"3":{"loc":{"start":{"line":73,"column":12},"end":{"line":75,"column":null}},"type":"if","locations":[{"start":{"line":73,"column":12},"end":{"line":75,"column":null}}]},"4":{"loc":{"start":{"line":81,"column":4},"end":{"line":83,"column":null}},"type":"if","locations":[{"start":{"line":81,"column":4},"end":{"line":83,"column":null}}]},"5":{"loc":{"start":{"line":93,"column":4},"end":{"line":95,"column":null}},"type":"if","locations":[{"start":{"line":93,"column":4},"end":{"line":95,"column":null}}]}},"s":{"0":7,"1":7,"2":7,"3":7,"4":7,"5":8,"6":7,"7":7,"8":7,"9":0,"10":0,"11":0,"12":0,"13":7,"14":7,"15":0,"16":0,"17":0,"18":0,"19":7,"20":7,"21":7,"22":0,"23":0,"24":0,"25":0,"26":0,"27":0,"28":0,"29":0,"30":0,"31":0,"32":0,"33":0,"34":0,"35":0,"36":0,"37":0,"38":0,"39":0,"40":0,"41":0,"42":0,"43":0,"44":7,"45":7,"46":0,"47":0,"48":0,"49":0,"50":7},"f":{"0":8,"1":0,"2":0,"3":0,"4":0,"5":0,"6":0,"7":0,"8":0,"9":0},"b":{"0":[0],"1":[0,0],"2":[0],"3":[0],"4":[0],"5":[0]}}
,"/Users/axelvanraes/dev/tiro-medical-forms/src/Questionnaires/ICHOM/LPC/FormContainer.tsx": {"path":"/Users/axelvanraes/dev/tiro-medical-forms/src/Questionnaires/ICHOM/LPC/FormContainer.tsx","statementMap":{"0":{"start":{"line":1,"column":0},"end":{"line":1,"column":35}},"1":{"start":{"line":2,"column":0},"end":{"line":2,"column":29}},"2":{"start":{"line":3,"column":0},"end":{"line":3,"column":63}},"3":{"start":{"line":4,"column":15},"end":{"line":4,"column":null}},"4":{"start":{"line":4,"column":23},"end":{"line":4,"column":73}},"5":{"start":{"line":4,"column":78},"end":{"line":22,"column":null}},"6":{"start":{"line":24,"column":29},"end":{"line":24,"column":null}},"7":{"start":{"line":24,"column":40},"end":{"line":24,"column":42}},"8":{"start":{"line":24,"column":47},"end":{"line":24,"column":49}},"9":{"start":{"line":24,"column":58},"end":{"line":24,"column":60}},"10":{"start":{"line":24,"column":72},"end":{"line":24,"column":74}},"11":{"start":{"line":24,"column":85},"end":{"line":24,"column":225}},"12":{"start":{"line":24,"column":230},"end":{"line":47,"column":null}},"13":{"start":{"line":37,"column":64},"end":{"line":41,"column":22}},"14":{"start":{"line":24,"column":13},"end":{"line":24,"column":29}},"15":{"start":{"line":49,"column":31},"end":{"line":66,"column":null}},"16":{"start":{"line":49,"column":42},"end":{"line":49,"column":44}},"17":{"start":{"line":49,"column":46},"end":{"line":49,"column":48}},"18":{"start":{"line":49,"column":53},"end":{"line":49,"column":55}},"19":{"start":{"line":49,"column":64},"end":{"line":49,"column":66}},"20":{"start":{"line":49,"column":74},"end":{"line":49,"column":79}},"21":{"start":{"line":49,"column":89},"end":{"line":49,"column":210}},"22":{"start":{"line":49,"column":215},"end":{"line":66,"column":null}},"23":{"start":{"line":49,"column":13},"end":{"line":49,"column":31}}},"fnMap":{"0":{"name":"(anonymous_4)","decl":{"start":{"line":4,"column":15},"end":{"line":4,"column":16}},"loc":{"start":{"line":4,"column":73},"end":{"line":4,"column":null}}},"1":{"name":"(anonymous_5)","decl":{"start":{"line":24,"column":29},"end":{"line":24,"column":30}},"loc":{"start":{"line":24,"column":225},"end":{"line":24,"column":null}}},"2":{"name":"(anonymous_6)","decl":{"start":{"line":37,"column":50},"end":{"line":37,"column":51}},"loc":{"start":{"line":37,"column":59},"end":{"line":37,"column":null}}},"3":{"name":"(anonymous_7)","decl":{"start":{"line":49,"column":31},"end":{"line":49,"column":32}},"loc":{"start":{"line":49,"column":210},"end":{"line":66,"column":null}}}},"branchMap":{"0":{"loc":{"start":{"line":28,"column":17},"end":{"line":34,"column":null}},"type":"binary-expr","locations":[{"start":{"line":28,"column":17},"end":{"line":28,"column":27}},{"start":{"line":29,"column":20},"end":{"line":33,"column":null}}]},"1":{"loc":{"start":{"line":38,"column":145},"end":{"line":38,"column":168}},"type":"binary-expr","locations":[{"start":{"line":38,"column":145},"end":{"line":38,"column":155}},{"start":{"line":38,"column":159},"end":{"line":38,"column":168}}]},"2":{"loc":{"start":{"line":53,"column":21},"end":{"line":59,"column":null}},"type":"binary-expr","locations":[{"start":{"line":53,"column":21},"end":{"line":53,"column":31}},{"start":{"line":54,"column":24},"end":{"line":58,"column":null}}]}},"s":{"0":7,"1":7,"2":7,"3":7,"4":0,"5":0,"6":7,"7":0,"8":0,"9":0,"10":0,"11":0,"12":0,"13":0,"14":7,"15":7,"16":0,"17":0,"18":0,"19":0,"20":0,"21":0,"22":0,"23":7},"f":{"0":0,"1":0,"2":0,"3":0},"b":{"0":[0,0],"1":[0,0],"2":[0,0]}}
,"/Users/axelvanraes/dev/tiro-medical-forms/src/Questionnaires/ICHOM/LPC/QuestionWrapper.tsx": {"path":"/Users/axelvanraes/dev/tiro-medical-forms/src/Questionnaires/ICHOM/LPC/QuestionWrapper.tsx","statementMap":{"0":{"start":{"line":1,"column":0},"end":{"line":1,"column":36}},"1":{"start":{"line":2,"column":0},"end":{"line":2,"column":46}},"2":{"start":{"line":4,"column":31},"end":{"line":10,"column":1}},"3":{"start":{"line":4,"column":42},"end":{"line":4,"column":44}},"4":{"start":{"line":4,"column":53},"end":{"line":4,"column":58}},"5":{"start":{"line":4,"column":68},"end":{"line":4,"column":102}},"6":{"start":{"line":5,"column":4},"end":{"line":9,"column":null}},"7":{"start":{"line":4,"column":13},"end":{"line":4,"column":31}}},"fnMap":{"0":{"name":"(anonymous_2)","decl":{"start":{"line":4,"column":31},"end":{"line":4,"column":32}},"loc":{"start":{"line":4,"column":102},"end":{"line":10,"column":1}}}},"branchMap":{},"s":{"0":7,"1":7,"2":7,"3":0,"4":0,"5":0,"6":0,"7":7},"f":{"0":0},"b":{}}
,"/Users/axelvanraes/dev/tiro-medical-forms/src/Questionnaires/ICHOM/LPC/AcuteComplicationsOfTreatment/AcuteComplicationsOfTreatment.tsx": {"path":"/Users/axelvanraes/dev/tiro-medical-forms/src/Questionnaires/ICHOM/LPC/AcuteComplicationsOfTreatment/AcuteComplicationsOfTreatment.tsx","statementMap":{"0":{"start":{"line":2,"column":0},"end":{"line":2,"column":78}},"1":{"start":{"line":3,"column":0},"end":{"line":3,"column":53}},"2":{"start":{"line":4,"column":0},"end":{"line":4,"column":128}},"3":{"start":{"line":5,"column":0},"end":{"line":5,"column":38}},"4":{"start":{"line":6,"column":0},"end":{"line":6,"column":44}},"5":{"start":{"line":7,"column":0},"end":{"line":7,"column":50}},"6":{"start":{"line":8,"column":0},"end":{"line":8,"column":52}},"7":{"start":{"line":9,"column":0},"end":{"line":9,"column":38}},"8":{"start":{"line":11,"column":25},"end":{"line":11,"column":111}},"9":{"start":{"line":27,"column":49},"end":{"line":27,"column":null}},"10":{"start":{"line":27,"column":108},"end":{"line":36,"column":null}},"11":{"start":{"line":27,"column":13},"end":{"line":27,"column":49}},"12":{"start":{"line":38,"column":48},"end":{"line":41,"column":1}},"13":{"start":{"line":39,"column":19},"end":{"line":39,"column":83}},"14":{"start":{"line":40,"column":4},"end":{"line":40,"column":null}},"15":{"start":{"line":42,"column":45},"end":{"line":401,"column":1}},"16":{"start":{"line":42,"column":54},"end":{"line":42,"column":56}},"17":{"start":{"line":42,"column":63},"end":{"line":42,"column":65}},"18":{"start":{"line":42,"column":73},"end":{"line":42,"column":75}},"19":{"start":{"line":42,"column":75},"end":{"line":42,"column":80}},"20":{"start":{"line":42,"column":80},"end":{"line":42,"column":119}},"21":{"start":{"line":42,"column":128},"end":{"line":42,"column":130}},"22":{"start":{"line":42,"column":138},"end":{"line":42,"column":140}},"23":{"start":{"line":42,"column":165},"end":{"line":42,"column":241}},"24":{"start":{"line":43,"column":28},"end":{"line":43,"column":113}},"25":{"start":{"line":44,"column":29},"end":{"line":44,"column":117}},"26":{"start":{"line":45,"column":25},"end":{"line":59,"column":5}},"27":{"start":{"line":46,"column":8},"end":{"line":46,"column":null}},"28":{"start":{"line":47,"column":16},"end":{"line":50,"column":null}},"29":{"start":{"line":53,"column":23},"end":{"line":53,"column":58}},"30":{"start":{"line":54,"column":8},"end":{"line":54,"column":null}},"31":{"start":{"line":55,"column":8},"end":{"line":55,"column":null}},"32":{"start":{"line":56,"column":8},"end":{"line":56,"column":null}},"33":{"start":{"line":57,"column":8},"end":{"line":57,"column":null}},"34":{"start":{"line":58,"column":8},"end":{"line":58,"column":null}},"35":{"start":{"line":60,"column":26},"end":{"line":68,"column":71}},"36":{"start":{"line":61,"column":58},"end":{"line":61,"column":99}},"37":{"start":{"line":62,"column":8},"end":{"line":64,"column":null}},"38":{"start":{"line":63,"column":12},"end":{"line":63,"column":null}},"39":{"start":{"line":65,"column":8},"end":{"line":65,"column":null}},"40":{"start":{"line":66,"column":8},"end":{"line":66,"column":null}},"41":{"start":{"line":70,"column":4},"end":{"line":400,"column":null}},"42":{"start":{"line":72,"column":22},"end":{"line":72,"column":24}},"43":{"start":{"line":72,"column":29},"end":{"line":398,"column":null}},"44":{"start":{"line":42,"column":13},"end":{"line":42,"column":45}}},"fnMap":{"0":{"name":"(anonymous_8)","decl":{"start":{"line":27,"column":49},"end":{"line":27,"column":108}},"loc":{"start":{"line":27,"column":49},"end":{"line":27,"column":null}}},"1":{"name":"(anonymous_9)","decl":{"start":{"line":38,"column":48},"end":{"line":38,"column":null}},"loc":{"start":{"line":38,"column":48},"end":{"line":41,"column":1}}},"2":{"name":"(anonymous_10)","decl":{"start":{"line":42,"column":45},"end":{"line":42,"column":46}},"loc":{"start":{"line":42,"column":241},"end":{"line":401,"column":1}}},"3":{"name":"(anonymous_11)","decl":{"start":{"line":45,"column":25},"end":{"line":45,"column":26}},"loc":{"start":{"line":45,"column":130},"end":{"line":59,"column":5}}},"4":{"name":"(anonymous_12)","decl":{"start":{"line":60,"column":34},"end":{"line":60,"column":null}},"loc":{"start":{"line":60,"column":34},"end":{"line":67,"column":5}}},"5":{"name":"(anonymous_13)","decl":{"start":{"line":72,"column":13},"end":{"line":72,"column":14}},"loc":{"start":{"line":72,"column":24},"end":{"line":72,"column":null}}}},"branchMap":{"0":{"loc":{"start":{"line":42,"column":80},"end":{"line":42,"column":119}},"type":"cond-expr","locations":[{"start":{"line":42,"column":83},"end":{"line":42,"column":117}},{"start":{"line":42,"column":117},"end":{"line":42,"column":119}}]},"1":{"loc":{"start":{"line":43,"column":28},"end":{"line":43,"column":113}},"type":"cond-expr","locations":[{"start":{"line":43,"column":57},"end":{"line":43,"column":104}},{"start":{"line":43,"column":107},"end":{"line":43,"column":113}}]},"2":{"loc":{"start":{"line":44,"column":29},"end":{"line":44,"column":117}},"type":"cond-expr","locations":[{"start":{"line":44,"column":59},"end":{"line":44,"column":107}},{"start":{"line":44,"column":110},"end":{"line":44,"column":117}}]},"3":{"loc":{"start":{"line":49,"column":20},"end":{"line":49,"column":83}},"type":"binary-expr","locations":[{"start":{"line":49,"column":20},"end":{"line":49,"column":35}},{"start":{"line":49,"column":35},"end":{"line":49,"column":83}}]},"4":{"loc":{"start":{"line":50,"column":21},"end":{"line":50,"column":81}},"type":"binary-expr","locations":[{"start":{"line":50,"column":21},"end":{"line":50,"column":37}},{"start":{"line":50,"column":37},"end":{"line":50,"column":81}}]},"5":{"loc":{"start":{"line":57,"column":8},"end":{"line":57,"column":32}},"type":"binary-expr","locations":[{"start":{"line":57,"column":8},"end":{"line":57,"column":16}},{"start":{"line":57,"column":20},"end":{"line":57,"column":32}}]},"6":{"loc":{"start":{"line":62,"column":8},"end":{"line":64,"column":null}},"type":"if","locations":[{"start":{"line":62,"column":8},"end":{"line":64,"column":null}}]},"7":{"loc":{"start":{"line":165,"column":21},"end":{"line":396,"column":43}},"type":"binary-expr","locations":[{"start":{"line":165,"column":21},"end":{"line":165,"column":44}},{"start":{"line":166,"column":24},"end":{"line":395,"column":null}}]}},"s":{"0":1,"1":1,"2":1,"3":1,"4":1,"5":1,"6":1,"7":1,"8":1,"9":1,"10":2,"11":1,"12":1,"13":0,"14":0,"15":1,"16":0,"17":0,"18":0,"19":0,"20":0,"21":0,"22":0,"23":0,"24":0,"25":0,"26":0,"27":0,"28":0,"29":0,"30":0,"31":0,"32":0,"33":0,"34":0,"35":0,"36":0,"37":0,"38":0,"39":0,"40":0,"41":0,"42":0,"43":0,"44":1},"f":{"0":2,"1":0,"2":0,"3":0,"4":0,"5":0},"b":{"0":[0,0],"1":[0,0],"2":[0,0],"3":[0,0],"4":[0,0],"5":[0,0],"6":[0],"7":[0,0]}}
,"/Users/axelvanraes/dev/tiro-medical-forms/src/Questionnaires/ICHOM/LPC/AcuteComplicationsOfTreatment/consts.ts": {"path":"/Users/axelvanraes/dev/tiro-medical-forms/src/Questionnaires/ICHOM/LPC/AcuteComplicationsOfTreatment/consts.ts","statementMap":{"0":{"start":{"line":1,"column":0},"end":{"line":1,"column":68}},"1":{"start":{"line":2,"column":0},"end":{"line":2,"column":51}},"2":{"start":{"line":4,"column":13},"end":{"line":9,"column":null}},"3":{"start":{"line":7,"column":68},"end":{"line":7,"column":71}}},"fnMap":{"0":{"name":"(anonymous_0)","decl":{"start":{"line":7,"column":65},"end":{"line":7,"column":66}},"loc":{"start":{"line":7,"column":66},"end":{"line":7,"column":70}}}},"branchMap":{},"s":{"0":1,"1":1,"2":1,"3":1},"f":{"0":1},"b":{}}
,"/Users/axelvanraes/dev/tiro-medical-forms/src/Questionnaires/ICHOM/LPC/BaselineTumorFactors/BaselineTumorFactors.tsx": {"path":"/Users/axelvanraes/dev/tiro-medical-forms/src/Questionnaires/ICHOM/LPC/BaselineTumorFactors/BaselineTumorFactors.tsx","statementMap":{"0":{"start":{"line":1,"column":0},"end":{"line":1,"column":52}},"1":{"start":{"line":3,"column":0},"end":{"line":3,"column":78}},"2":{"start":{"line":4,"column":0},"end":{"line":4,"column":53}},"3":{"start":{"line":5,"column":0},"end":{"line":5,"column":128}},"4":{"start":{"line":6,"column":0},"end":{"line":6,"column":54}},"5":{"start":{"line":7,"column":0},"end":{"line":7,"column":44}},"6":{"start":{"line":8,"column":0},"end":{"line":8,"column":50}},"7":{"start":{"line":10,"column":0},"end":{"line":10,"column":60}},"8":{"start":{"line":11,"column":0},"end":{"line":11,"column":52}},"9":{"start":{"line":13,"column":25},"end":{"line":13,"column":101}},"10":{"start":{"line":27,"column":40},"end":{"line":27,"column":null}},"11":{"start":{"line":27,"column":90},"end":{"line":41,"column":null}},"12":{"start":{"line":27,"column":13},"end":{"line":27,"column":40}},"13":{"start":{"line":43,"column":39},"end":{"line":47,"column":1}},"14":{"start":{"line":44,"column":55},"end":{"line":44,"column":57}},"15":{"start":{"line":45,"column":4},"end":{"line":45,"column":null}},"16":{"start":{"line":45,"column":46},"end":{"line":45,"column":96}},"17":{"start":{"line":46,"column":4},"end":{"line":46,"column":null}},"18":{"start":{"line":49,"column":36},"end":{"line":260,"column":1}},"19":{"start":{"line":49,"column":45},"end":{"line":49,"column":47}},"20":{"start":{"line":49,"column":54},"end":{"line":49,"column":56}},"21":{"start":{"line":49,"column":64},"end":{"line":49,"column":66}},"22":{"start":{"line":49,"column":75},"end":{"line":49,"column":77}},"23":{"start":{"line":49,"column":85},"end":{"line":49,"column":87}},"24":{"start":{"line":49,"column":87},"end":{"line":49,"column":92}},"25":{"start":{"line":49,"column":92},"end":{"line":49,"column":121}},"26":{"start":{"line":49,"column":146},"end":{"line":49,"column":213}},"27":{"start":{"line":50,"column":28},"end":{"line":50,"column":113}},"28":{"start":{"line":51,"column":29},"end":{"line":51,"column":117}},"29":{"start":{"line":53,"column":25},"end":{"line":66,"column":5}},"30":{"start":{"line":54,"column":8},"end":{"line":54,"column":null}},"31":{"start":{"line":55,"column":16},"end":{"line":58,"column":null}},"32":{"start":{"line":60,"column":23},"end":{"line":60,"column":58}},"33":{"start":{"line":61,"column":8},"end":{"line":61,"column":null}},"34":{"start":{"line":62,"column":8},"end":{"line":62,"column":null}},"35":{"start":{"line":63,"column":8},"end":{"line":63,"column":null}},"36":{"start":{"line":64,"column":8},"end":{"line":64,"column":null}},"37":{"start":{"line":65,"column":8},"end":{"line":65,"column":null}},"38":{"start":{"line":67,"column":26},"end":{"line":75,"column":68}},"39":{"start":{"line":68,"column":48},"end":{"line":68,"column":80}},"40":{"start":{"line":69,"column":8},"end":{"line":71,"column":null}},"41":{"start":{"line":70,"column":12},"end":{"line":70,"column":null}},"42":{"start":{"line":72,"column":8},"end":{"line":72,"column":null}},"43":{"start":{"line":73,"column":8},"end":{"line":73,"column":null}},"44":{"start":{"line":76,"column":4},"end":{"line":259,"column":null}},"45":{"start":{"line":49,"column":13},"end":{"line":49,"column":36}}},"fnMap":{"0":{"name":"(anonymous_8)","decl":{"start":{"line":27,"column":40},"end":{"line":27,"column":90}},"loc":{"start":{"line":27,"column":40},"end":{"line":27,"column":null}}},"1":{"name":"(anonymous_9)","decl":{"start":{"line":43,"column":39},"end":{"line":43,"column":null}},"loc":{"start":{"line":43,"column":39},"end":{"line":47,"column":1}}},"2":{"name":"(anonymous_10)","decl":{"start":{"line":45,"column":37},"end":{"line":45,"column":38}},"loc":{"start":{"line":45,"column":39},"end":{"line":45,"column":97}}},"3":{"name":"(anonymous_11)","decl":{"start":{"line":49,"column":36},"end":{"line":49,"column":37}},"loc":{"start":{"line":49,"column":213},"end":{"line":260,"column":1}}},"4":{"name":"(anonymous_12)","decl":{"start":{"line":53,"column":25},"end":{"line":53,"column":26}},"loc":{"start":{"line":53,"column":110},"end":{"line":66,"column":5}}},"5":{"name":"(anonymous_13)","decl":{"start":{"line":67,"column":34},"end":{"line":67,"column":null}},"loc":{"start":{"line":67,"column":34},"end":{"line":74,"column":5}}}},"branchMap":{"0":{"loc":{"start":{"line":49,"column":92},"end":{"line":49,"column":121}},"type":"cond-expr","locations":[{"start":{"line":49,"column":95},"end":{"line":49,"column":119}},{"start":{"line":49,"column":119},"end":{"line":49,"column":121}}]},"1":{"loc":{"start":{"line":50,"column":28},"end":{"line":50,"column":113}},"type":"cond-expr","locations":[{"start":{"line":50,"column":57},"end":{"line":50,"column":104}},{"start":{"line":50,"column":107},"end":{"line":50,"column":113}}]},"2":{"loc":{"start":{"line":51,"column":29},"end":{"line":51,"column":117}},"type":"cond-expr","locations":[{"start":{"line":51,"column":59},"end":{"line":51,"column":107}},{"start":{"line":51,"column":110},"end":{"line":51,"column":117}}]},"3":{"loc":{"start":{"line":57,"column":20},"end":{"line":57,"column":83}},"type":"binary-expr","locations":[{"start":{"line":57,"column":20},"end":{"line":57,"column":35}},{"start":{"line":57,"column":35},"end":{"line":57,"column":83}}]},"4":{"loc":{"start":{"line":58,"column":21},"end":{"line":58,"column":81}},"type":"binary-expr","locations":[{"start":{"line":58,"column":21},"end":{"line":58,"column":37}},{"start":{"line":58,"column":37},"end":{"line":58,"column":81}}]},"5":{"loc":{"start":{"line":64,"column":8},"end":{"line":64,"column":32}},"type":"binary-expr","locations":[{"start":{"line":64,"column":8},"end":{"line":64,"column":16}},{"start":{"line":64,"column":20},"end":{"line":64,"column":32}}]},"6":{"loc":{"start":{"line":69,"column":8},"end":{"line":71,"column":null}},"type":"if","locations":[{"start":{"line":69,"column":8},"end":{"line":71,"column":null}}]}},"s":{"0":1,"1":1,"2":1,"3":1,"4":1,"5":1,"6":1,"7":1,"8":1,"9":1,"10":1,"11":1,"12":1,"13":1,"14":0,"15":0,"16":0,"17":0,"18":1,"19":0,"20":0,"21":0,"22":0,"23":0,"24":0,"25":0,"26":0,"27":0,"28":0,"29":0,"30":0,"31":0,"32":0,"33":0,"34":0,"35":0,"36":0,"37":0,"38":0,"39":0,"40":0,"41":0,"42":0,"43":0,"44":0,"45":1},"f":{"0":1,"1":0,"2":0,"3":0,"4":0,"5":0},"b":{"0":[0,0],"1":[0,0],"2":[0,0],"3":[0,0],"4":[0,0],"5":[0,0],"6":[0]}}
,"/Users/axelvanraes/dev/tiro-medical-forms/src/Questionnaires/ICHOM/LPC/BaselineTumorFactors/consts.ts": {"path":"/Users/axelvanraes/dev/tiro-medical-forms/src/Questionnaires/ICHOM/LPC/BaselineTumorFactors/consts.ts","statementMap":{"0":{"start":{"line":2,"column":0},"end":{"line":2,"column":117}},"1":{"start":{"line":4,"column":13},"end":{"line":4,"column":null}},"2":{"start":{"line":5,"column":13},"end":{"line":5,"column":null}},"3":{"start":{"line":7,"column":13},"end":{"line":22,"column":null}},"4":{"start":{"line":23,"column":13},"end":{"line":27,"column":null}},"5":{"start":{"line":29,"column":13},"end":{"line":39,"column":null}}},"fnMap":{},"branchMap":{},"s":{"0":2,"1":2,"2":2,"3":2,"4":2,"5":2},"f":{},"b":{}}
,"/Users/axelvanraes/dev/tiro-medical-forms/src/Questionnaires/ICHOM/LPC/PathologyInformation/PathologyInformation.tsx": {"path":"/Users/axelvanraes/dev/tiro-medical-forms/src/Questionnaires/ICHOM/LPC/PathologyInformation/PathologyInformation.tsx","statementMap":{"0":{"start":{"line":1,"column":0},"end":{"line":1,"column":38}},"1":{"start":{"line":2,"column":0},"end":{"line":2,"column":101}},"2":{"start":{"line":4,"column":0},"end":{"line":4,"column":50}},"3":{"start":{"line":5,"column":0},"end":{"line":5,"column":44}},"4":{"start":{"line":6,"column":0},"end":{"line":6,"column":60}},"5":{"start":{"line":8,"column":0},"end":{"line":8,"column":53}},"6":{"start":{"line":9,"column":0},"end":{"line":9,"column":78}},"7":{"start":{"line":10,"column":0},"end":{"line":10,"column":49}},"8":{"start":{"line":11,"column":0},"end":{"line":11,"column":52}},"9":{"start":{"line":12,"column":0},"end":{"line":12,"column":52}},"10":{"start":{"line":13,"column":25},"end":{"line":13,"column":93}},"11":{"start":{"line":23,"column":43},"end":{"line":23,"column":null}},"12":{"start":{"line":23,"column":93},"end":{"line":34,"column":null}},"13":{"start":{"line":23,"column":13},"end":{"line":23,"column":43}},"14":{"start":{"line":36,"column":37},"end":{"line":40,"column":1}},"15":{"start":{"line":37,"column":56},"end":{"line":37,"column":58}},"16":{"start":{"line":38,"column":4},"end":{"line":38,"column":null}},"17":{"start":{"line":38,"column":46},"end":{"line":38,"column":97}},"18":{"start":{"line":39,"column":4},"end":{"line":39,"column":null}},"19":{"start":{"line":42,"column":36},"end":{"line":203,"column":1}},"20":{"start":{"line":42,"column":45},"end":{"line":42,"column":47}},"21":{"start":{"line":42,"column":54},"end":{"line":42,"column":56}},"22":{"start":{"line":42,"column":64},"end":{"line":42,"column":66}},"23":{"start":{"line":42,"column":74},"end":{"line":42,"column":76}},"24":{"start":{"line":42,"column":101},"end":{"line":42,"column":103}},"25":{"start":{"line":42,"column":103},"end":{"line":42,"column":108}},"26":{"start":{"line":42,"column":108},"end":{"line":42,"column":139}},"27":{"start":{"line":42,"column":148},"end":{"line":42,"column":215}},"28":{"start":{"line":44,"column":28},"end":{"line":44,"column":113}},"29":{"start":{"line":45,"column":29},"end":{"line":45,"column":117}},"30":{"start":{"line":47,"column":25},"end":{"line":60,"column":5}},"31":{"start":{"line":48,"column":8},"end":{"line":48,"column":null}},"32":{"start":{"line":49,"column":16},"end":{"line":52,"column":null}},"33":{"start":{"line":54,"column":23},"end":{"line":54,"column":58}},"34":{"start":{"line":55,"column":8},"end":{"line":55,"column":null}},"35":{"start":{"line":56,"column":8},"end":{"line":56,"column":null}},"36":{"start":{"line":57,"column":8},"end":{"line":57,"column":null}},"37":{"start":{"line":58,"column":8},"end":{"line":58,"column":null}},"38":{"start":{"line":59,"column":8},"end":{"line":59,"column":null}},"39":{"start":{"line":61,"column":26},"end":{"line":68,"column":65}},"40":{"start":{"line":62,"column":49},"end":{"line":62,"column":79}},"41":{"start":{"line":63,"column":8},"end":{"line":64,"column":null}},"42":{"start":{"line":64,"column":12},"end":{"line":64,"column":null}},"43":{"start":{"line":65,"column":8},"end":{"line":65,"column":null}},"44":{"start":{"line":66,"column":8},"end":{"line":66,"column":null}},"45":{"start":{"line":70,"column":4},"end":{"line":202,"column":null}},"46":{"start":{"line":42,"column":13},"end":{"line":42,"column":36}}},"fnMap":{"0":{"name":"(anonymous_8)","decl":{"start":{"line":23,"column":43},"end":{"line":23,"column":93}},"loc":{"start":{"line":23,"column":43},"end":{"line":23,"column":null}}},"1":{"name":"(anonymous_9)","decl":{"start":{"line":36,"column":37},"end":{"line":36,"column":null}},"loc":{"start":{"line":36,"column":37},"end":{"line":40,"column":1}}},"2":{"name":"(anonymous_10)","decl":{"start":{"line":38,"column":37},"end":{"line":38,"column":38}},"loc":{"start":{"line":38,"column":39},"end":{"line":38,"column":98}}},"3":{"name":"(anonymous_11)","decl":{"start":{"line":42,"column":36},"end":{"line":42,"column":37}},"loc":{"start":{"line":42,"column":215},"end":{"line":203,"column":1}}},"4":{"name":"(anonymous_12)","decl":{"start":{"line":47,"column":25},"end":{"line":47,"column":26}},"loc":{"start":{"line":47,"column":112},"end":{"line":60,"column":5}}},"5":{"name":"(anonymous_13)","decl":{"start":{"line":61,"column":34},"end":{"line":61,"column":null}},"loc":{"start":{"line":61,"column":34},"end":{"line":67,"column":5}}}},"branchMap":{"0":{"loc":{"start":{"line":42,"column":108},"end":{"line":42,"column":139}},"type":"cond-expr","locations":[{"start":{"line":42,"column":111},"end":{"line":42,"column":137}},{"start":{"line":42,"column":137},"end":{"line":42,"column":139}}]},"1":{"loc":{"start":{"line":44,"column":28},"end":{"line":44,"column":113}},"type":"cond-expr","locations":[{"start":{"line":44,"column":57},"end":{"line":44,"column":104}},{"start":{"line":44,"column":107},"end":{"line":44,"column":113}}]},"2":{"loc":{"start":{"line":45,"column":29},"end":{"line":45,"column":117}},"type":"cond-expr","locations":[{"start":{"line":45,"column":59},"end":{"line":45,"column":107}},{"start":{"line":45,"column":110},"end":{"line":45,"column":117}}]},"3":{"loc":{"start":{"line":51,"column":20},"end":{"line":51,"column":83}},"type":"binary-expr","locations":[{"start":{"line":51,"column":20},"end":{"line":51,"column":35}},{"start":{"line":51,"column":35},"end":{"line":51,"column":83}}]},"4":{"loc":{"start":{"line":52,"column":21},"end":{"line":52,"column":81}},"type":"binary-expr","locations":[{"start":{"line":52,"column":21},"end":{"line":52,"column":37}},{"start":{"line":52,"column":37},"end":{"line":52,"column":81}}]},"5":{"loc":{"start":{"line":58,"column":8},"end":{"line":58,"column":32}},"type":"binary-expr","locations":[{"start":{"line":58,"column":8},"end":{"line":58,"column":16}},{"start":{"line":58,"column":20},"end":{"line":58,"column":32}}]},"6":{"loc":{"start":{"line":63,"column":8},"end":{"line":64,"column":null}},"type":"if","locations":[{"start":{"line":63,"column":8},"end":{"line":64,"column":null}}]}},"s":{"0":1,"1":1,"2":1,"3":1,"4":1,"5":1,"6":1,"7":1,"8":1,"9":1,"10":1,"11":1,"12":1,"13":1,"14":1,"15":0,"16":0,"17":0,"18":0,"19":1,"20":0,"21":0,"22":0,"23":0,"24":0,"25":0,"26":0,"27":0,"28":0,"29":0,"30":0,"31":0,"32":0,"33":0,"34":0,"35":0,"36":0,"37":0,"38":0,"39":0,"40":0,"41":0,"42":0,"43":0,"44":0,"45":0,"46":1},"f":{"0":1,"1":0,"2":0,"3":0,"4":0,"5":0},"b":{"0":[0,0],"1":[0,0],"2":[0,0],"3":[0,0],"4":[0,0],"5":[0,0],"6":[0]}}
,"/Users/axelvanraes/dev/tiro-medical-forms/src/Questionnaires/ICHOM/LPC/PathologyInformation/consts.ts": {"path":"/Users/axelvanraes/dev/tiro-medical-forms/src/Questionnaires/ICHOM/LPC/PathologyInformation/consts.ts","statementMap":{"0":{"start":{"line":1,"column":0},"end":{"line":1,"column":98}},"1":{"start":{"line":2,"column":13},"end":{"line":2,"column":null}},"2":{"start":{"line":3,"column":13},"end":{"line":3,"column":null}},"3":{"start":{"line":5,"column":13},"end":{"line":9,"column":null}},"4":{"start":{"line":10,"column":13},"end":{"line":20,"column":null}},"5":{"start":{"line":22,"column":13},"end":{"line":29,"column":null}}},"fnMap":{},"branchMap":{},"s":{"0":1,"1":1,"2":1,"3":1,"4":1,"5":1},"f":{},"b":{}}
,"/Users/axelvanraes/dev/tiro-medical-forms/src/Questionnaires/ICHOM/LPC/PatientFactors/PatientFactors.tsx": {"path":"/Users/axelvanraes/dev/tiro-medical-forms/src/Questionnaires/ICHOM/LPC/PatientFactors/PatientFactors.tsx","statementMap":{"0":{"start":{"line":2,"column":0},"end":{"line":2,"column":78}},"1":{"start":{"line":3,"column":0},"end":{"line":3,"column":53}},"2":{"start":{"line":4,"column":0},"end":{"line":4,"column":128}},"3":{"start":{"line":5,"column":0},"end":{"line":5,"column":38}},"4":{"start":{"line":6,"column":0},"end":{"line":6,"column":44}},"5":{"start":{"line":7,"column":0},"end":{"line":7,"column":50}},"6":{"start":{"line":9,"column":0},"end":{"line":9,"column":38}},"7":{"start":{"line":10,"column":0},"end":{"line":10,"column":52}},"8":{"start":{"line":12,"column":25},"end":{"line":12,"column":94}},"9":{"start":{"line":25,"column":34},"end":{"line":25,"column":null}},"10":{"start":{"line":25,"column":78},"end":{"line":32,"column":null}},"11":{"start":{"line":25,"column":13},"end":{"line":25,"column":34}},"12":{"start":{"line":34,"column":33},"end":{"line":38,"column":1}},"13":{"start":{"line":35,"column":50},"end":{"line":35,"column":52}},"14":{"start":{"line":36,"column":4},"end":{"line":36,"column":null}},"15":{"start":{"line":36,"column":46},"end":{"line":36,"column":91}},"16":{"start":{"line":37,"column":4},"end":{"line":37,"column":null}},"17":{"start":{"line":40,"column":30},"end":{"line":118,"column":1}},"18":{"start":{"line":40,"column":39},"end":{"line":40,"column":41}},"19":{"start":{"line":40,"column":48},"end":{"line":40,"column":50}},"20":{"start":{"line":40,"column":58},"end":{"line":40,"column":60}},"21":{"start":{"line":40,"column":69},"end":{"line":40,"column":71}},"22":{"start":{"line":40,"column":79},"end":{"line":40,"column":81}},"23":{"start":{"line":40,"column":81},"end":{"line":40,"column":86}},"24":{"start":{"line":40,"column":86},"end":{"line":40,"column":114}},"25":{"start":{"line":40,"column":139},"end":{"line":40,"column":200}},"26":{"start":{"line":41,"column":28},"end":{"line":41,"column":113}},"27":{"start":{"line":42,"column":29},"end":{"line":42,"column":117}},"28":{"start":{"line":44,"column":25},"end":{"line":57,"column":5}},"29":{"start":{"line":45,"column":8},"end":{"line":45,"column":null}},"30":{"start":{"line":46,"column":16},"end":{"line":49,"column":null}},"31":{"start":{"line":51,"column":23},"end":{"line":51,"column":58}},"32":{"start":{"line":52,"column":8},"end":{"line":52,"column":null}},"33":{"start":{"line":53,"column":8},"end":{"line":53,"column":null}},"34":{"start":{"line":54,"column":8},"end":{"line":54,"column":null}},"35":{"start":{"line":55,"column":8},"end":{"line":55,"column":null}},"36":{"start":{"line":56,"column":8},"end":{"line":56,"column":null}},"37":{"start":{"line":58,"column":26},"end":{"line":65,"column":62}},"38":{"start":{"line":59,"column":43},"end":{"line":59,"column":69}},"39":{"start":{"line":60,"column":8},"end":{"line":61,"column":null}},"40":{"start":{"line":61,"column":12},"end":{"line":61,"column":null}},"41":{"start":{"line":62,"column":8},"end":{"line":62,"column":null}},"42":{"start":{"line":63,"column":8},"end":{"line":63,"column":null}},"43":{"start":{"line":66,"column":4},"end":{"line":117,"column":null}},"44":{"start":{"line":98,"column":326},"end":{"line":111,"column":30}},"45":{"start":{"line":40,"column":13},"end":{"line":40,"column":30}}},"fnMap":{"0":{"name":"(anonymous_8)","decl":{"start":{"line":25,"column":34},"end":{"line":25,"column":78}},"loc":{"start":{"line":25,"column":34},"end":{"line":25,"column":null}}},"1":{"name":"(anonymous_9)","decl":{"start":{"line":34,"column":33},"end":{"line":34,"column":null}},"loc":{"start":{"line":34,"column":33},"end":{"line":38,"column":1}}},"2":{"name":"(anonymous_10)","decl":{"start":{"line":36,"column":37},"end":{"line":36,"column":38}},"loc":{"start":{"line":36,"column":39},"end":{"line":36,"column":92}}},"3":{"name":"(anonymous_11)","decl":{"start":{"line":40,"column":30},"end":{"line":40,"column":31}},"loc":{"start":{"line":40,"column":200},"end":{"line":118,"column":1}}},"4":{"name":"(anonymous_12)","decl":{"start":{"line":44,"column":25},"end":{"line":44,"column":26}},"loc":{"start":{"line":44,"column":100},"end":{"line":57,"column":5}}},"5":{"name":"(anonymous_13)","decl":{"start":{"line":58,"column":34},"end":{"line":58,"column":null}},"loc":{"start":{"line":58,"column":34},"end":{"line":64,"column":5}}},"6":{"name":"(anonymous_14)","decl":{"start":{"line":98,"column":308},"end":{"line":98,"column":309}},"loc":{"start":{"line":98,"column":321},"end":{"line":98,"column":null}}}},"branchMap":{"0":{"loc":{"start":{"line":40,"column":86},"end":{"line":40,"column":114}},"type":"cond-expr","locations":[{"start":{"line":40,"column":89},"end":{"line":40,"column":112}},{"start":{"line":40,"column":112},"end":{"line":40,"column":114}}]},"1":{"loc":{"start":{"line":41,"column":28},"end":{"line":41,"column":113}},"type":"cond-expr","locations":[{"start":{"line":41,"column":57},"end":{"line":41,"column":104}},{"start":{"line":41,"column":107},"end":{"line":41,"column":113}}]},"2":{"loc":{"start":{"line":42,"column":29},"end":{"line":42,"column":117}},"type":"cond-expr","locations":[{"start":{"line":42,"column":59},"end":{"line":42,"column":107}},{"start":{"line":42,"column":110},"end":{"line":42,"column":117}}]},"3":{"loc":{"start":{"line":48,"column":20},"end":{"line":48,"column":83}},"type":"binary-expr","locations":[{"start":{"line":48,"column":20},"end":{"line":48,"column":35}},{"start":{"line":48,"column":35},"end":{"line":48,"column":83}}]},"4":{"loc":{"start":{"line":49,"column":21},"end":{"line":49,"column":81}},"type":"binary-expr","locations":[{"start":{"line":49,"column":21},"end":{"line":49,"column":37}},{"start":{"line":49,"column":37},"end":{"line":49,"column":81}}]},"5":{"loc":{"start":{"line":55,"column":8},"end":{"line":55,"column":32}},"type":"binary-expr","locations":[{"start":{"line":55,"column":8},"end":{"line":55,"column":16}},{"start":{"line":55,"column":20},"end":{"line":55,"column":32}}]},"6":{"loc":{"start":{"line":60,"column":8},"end":{"line":61,"column":null}},"type":"if","locations":[{"start":{"line":60,"column":8},"end":{"line":61,"column":null}}]}},"s":{"0":1,"1":1,"2":1,"3":1,"4":1,"5":1,"6":1,"7":1,"8":1,"9":1,"10":1,"11":1,"12":1,"13":0,"14":0,"15":0,"16":0,"17":1,"18":0,"19":0,"20":0,"21":0,"22":0,"23":0,"24":0,"25":0,"26":0,"27":0,"28":0,"29":0,"30":0,"31":0,"32":0,"33":0,"34":0,"35":0,"36":0,"37":0,"38":0,"39":0,"40":0,"41":0,"42":0,"43":0,"44":0,"45":1},"f":{"0":1,"1":0,"2":0,"3":0,"4":0,"5":0,"6":0},"b":{"0":[0,0],"1":[0,0],"2":[0,0],"3":[0,0],"4":[0,0],"5":[0,0],"6":[0]}}
,"/Users/axelvanraes/dev/tiro-medical-forms/src/Questionnaires/ICHOM/LPC/PatientFactors/consts.ts": {"path":"/Users/axelvanraes/dev/tiro-medical-forms/src/Questionnaires/ICHOM/LPC/PatientFactors/consts.ts","statementMap":{"0":{"start":{"line":1,"column":0},"end":{"line":1,"column":66}},"1":{"start":{"line":2,"column":0},"end":{"line":2,"column":52}},"2":{"start":{"line":4,"column":13},"end":{"line":7,"column":null}},"3":{"start":{"line":6,"column":60},"end":{"line":6,"column":63}}},"fnMap":{"0":{"name":"(anonymous_0)","decl":{"start":{"line":6,"column":57},"end":{"line":6,"column":58}},"loc":{"start":{"line":6,"column":58},"end":{"line":6,"column":62}}}},"branchMap":{},"s":{"0":1,"1":1,"2":1,"3":0},"f":{"0":0},"b":{}}
,"/Users/axelvanraes/dev/tiro-medical-forms/src/Questionnaires/ICHOM/LPC/PatientReportedHealthStatus/PatientReportedHealthStatus.tsx": {"path":"/Users/axelvanraes/dev/tiro-medical-forms/src/Questionnaires/ICHOM/LPC/PatientReportedHealthStatus/PatientReportedHealthStatus.tsx","statementMap":{"0":{"start":{"line":1,"column":0},"end":{"line":1,"column":38}},"1":{"start":{"line":3,"column":0},"end":{"line":3,"column":53}},"2":{"start":{"line":4,"column":0},"end":{"line":4,"column":101}},"3":{"start":{"line":5,"column":0},"end":{"line":5,"column":50}},"4":{"start":{"line":6,"column":0},"end":{"line":6,"column":52}},"5":{"start":{"line":7,"column":0},"end":{"line":7,"column":38}},"6":{"start":{"line":8,"column":0},"end":{"line":8,"column":44}},"7":{"start":{"line":9,"column":0},"end":{"line":9,"column":78}},"8":{"start":{"line":10,"column":25},"end":{"line":10,"column":109}},"9":{"start":{"line":24,"column":47},"end":{"line":24,"column":null}},"10":{"start":{"line":24,"column":104},"end":{"line":62,"column":null}},"11":{"start":{"line":24,"column":13},"end":{"line":24,"column":47}},"12":{"start":{"line":63,"column":31},"end":{"line":97,"column":1}},"13":{"start":{"line":63,"column":42},"end":{"line":63,"column":44}},"14":{"start":{"line":63,"column":53},"end":{"line":63,"column":55}},"15":{"start":{"line":63,"column":68},"end":{"line":63,"column":70}},"16":{"start":{"line":63,"column":74},"end":{"line":63,"column":176}},"17":{"start":{"line":64,"column":4},"end":{"line":96,"column":null}},"18":{"start":{"line":78,"column":34},"end":{"line":78,"column":36}},"19":{"start":{"line":78,"column":41},"end":{"line":78,"column":42}},"20":{"start":{"line":78,"column":47},"end":{"line":91,"column":30}},"21":{"start":{"line":98,"column":46},"end":{"line":102,"column":1}},"22":{"start":{"line":99,"column":19},"end":{"line":99,"column":58}},"23":{"start":{"line":100,"column":4},"end":{"line":100,"column":null}},"24":{"start":{"line":100,"column":46},"end":{"line":100,"column":106}},"25":{"start":{"line":101,"column":4},"end":{"line":101,"column":null}},"26":{"start":{"line":104,"column":43},"end":{"line":590,"column":1}},"27":{"start":{"line":104,"column":71},"end":{"line":104,"column":73}},"28":{"start":{"line":104,"column":81},"end":{"line":104,"column":83}},"29":{"start":{"line":104,"column":91},"end":{"line":104,"column":93}},"30":{"start":{"line":104,"column":93},"end":{"line":104,"column":98}},"31":{"start":{"line":104,"column":98},"end":{"line":104,"column":135}},"32":{"start":{"line":104,"column":144},"end":{"line":104,"column":146}},"33":{"start":{"line":104,"column":152},"end":{"line":104,"column":154}},"34":{"start":{"line":104,"column":161},"end":{"line":104,"column":235}},"35":{"start":{"line":105,"column":28},"end":{"line":105,"column":147}},"36":{"start":{"line":106,"column":29},"end":{"line":106,"column":141}},"37":{"start":{"line":107,"column":25},"end":{"line":120,"column":5}},"38":{"start":{"line":108,"column":8},"end":{"line":108,"column":null}},"39":{"start":{"line":109,"column":16},"end":{"line":112,"column":null}},"40":{"start":{"line":114,"column":23},"end":{"line":114,"column":58}},"41":{"start":{"line":115,"column":8},"end":{"line":115,"column":null}},"42":{"start":{"line":116,"column":8},"end":{"line":116,"column":null}},"43":{"start":{"line":117,"column":8},"end":{"line":117,"column":null}},"44":{"start":{"line":118,"column":8},"end":{"line":118,"column":null}},"45":{"start":{"line":119,"column":8},"end":{"line":119,"column":null}},"46":{"start":{"line":121,"column":26},"end":{"line":128,"column":74}},"47":{"start":{"line":122,"column":56},"end":{"line":122,"column":95}},"48":{"start":{"line":123,"column":8},"end":{"line":125,"column":null}},"49":{"start":{"line":124,"column":12},"end":{"line":124,"column":null}},"50":{"start":{"line":126,"column":8},"end":{"line":126,"column":null}},"51":{"start":{"line":127,"column":8},"end":{"line":127,"column":null}},"52":{"start":{"line":129,"column":4},"end":{"line":589,"column":null}},"53":{"start":{"line":104,"column":13},"end":{"line":104,"column":43}}},"fnMap":{"0":{"name":"(anonymous_8)","decl":{"start":{"line":24,"column":47},"end":{"line":24,"column":104}},"loc":{"start":{"line":24,"column":47},"end":{"line":24,"column":null}}},"1":{"name":"(anonymous_9)","decl":{"start":{"line":63,"column":31},"end":{"line":63,"column":32}},"loc":{"start":{"line":63,"column":176},"end":{"line":97,"column":1}}},"2":{"name":"(anonymous_10)","decl":{"start":{"line":78,"column":28},"end":{"line":78,"column":29}},"loc":{"start":{"line":78,"column":42},"end":{"line":78,"column":null}}},"3":{"name":"(anonymous_11)","decl":{"start":{"line":98,"column":46},"end":{"line":98,"column":null}},"loc":{"start":{"line":98,"column":46},"end":{"line":102,"column":1}}},"4":{"name":"(anonymous_12)","decl":{"start":{"line":100,"column":37},"end":{"line":100,"column":40}},"loc":{"start":{"line":100,"column":40},"end":{"line":100,"column":107}}},"5":{"name":"(anonymous_13)","decl":{"start":{"line":104,"column":43},"end":{"line":104,"column":44}},"loc":{"start":{"line":104,"column":235},"end":{"line":590,"column":1}}},"6":{"name":"(anonymous_14)","decl":{"start":{"line":107,"column":25},"end":{"line":107,"column":26}},"loc":{"start":{"line":107,"column":126},"end":{"line":120,"column":5}}},"7":{"name":"(anonymous_15)","decl":{"start":{"line":121,"column":34},"end":{"line":121,"column":null}},"loc":{"start":{"line":121,"column":34},"end":{"line":128,"column":5}}}},"branchMap":{"0":{"loc":{"start":{"line":75,"column":21},"end":{"line":75,"column":88}},"type":"binary-expr","locations":[{"start":{"line":75,"column":21},"end":{"line":75,"column":30}},{"start":{"line":75,"column":35},"end":
[...]
52,"column":8},"end":{"line":152,"column":null}},"37":{"start":{"line":154,"column":26},"end":{"line":162,"column":68}},"38":{"start":{"line":155,"column":47},"end":{"line":155,"column":79}},"39":{"start":{"line":156,"column":8},"end":{"line":158,"column":null}},"40":{"start":{"line":157,"column":12},"end":{"line":157,"column":null}},"41":{"start":{"line":159,"column":8},"end":{"line":159,"column":null}},"42":{"start":{"line":160,"column":8},"end":{"line":160,"column":null}},"43":{"start":{"line":164,"column":4},"end":{"line":1038,"column":null}},"44":{"start":{"line":166,"column":22},"end":{"line":166,"column":24}},"45":{"start":{"line":167,"column":16},"end":{"line":1035,"column":null}},"46":{"start":{"line":506,"column":54},"end":{"line":506,"column":56}},"47":{"start":{"line":506,"column":61},"end":{"line":506,"column":62}},"48":{"start":{"line":506,"column":67},"end":{"line":520,"column":50}},"49":{"start":{"line":586,"column":54},"end":{"line":586,"column":56}},"50":{"start":{"line":586,"column":61},"end":{"line":586,"column":62}},"51":{"start":{"line":586,"column":67},"end":{"line":600,"column":50}},"52":{"start":{"line":935,"column":54},"end":{"line":935,"column":56}},"53":{"start":{"line":935,"column":61},"end":{"line":935,"column":62}},"54":{"start":{"line":935,"column":67},"end":{"line":949,"column":50}},"55":{"start":{"line":1015,"column":54},"end":{"line":1015,"column":56}},"56":{"start":{"line":1015,"column":61},"end":{"line":1015,"column":62}},"57":{"start":{"line":1015,"column":67},"end":{"line":1029,"column":50}},"58":{"start":{"line":136,"column":13},"end":{"line":136,"column":34}}},"fnMap":{"0":{"name":"(anonymous_8)","decl":{"start":{"line":73,"column":38},"end":{"line":73,"column":86}},"loc":{"start":{"line":73,"column":38},"end":{"line":73,"column":null}}},"1":{"name":"(anonymous_9)","decl":{"start":{"line":129,"column":39},"end":{"line":129,"column":null}},"loc":{"start":{"line":129,"column":39},"end":{"line":133,"column":1}}},"2":{"name":"(anonymous_10)","decl":{"start":{"line":131,"column":37},"end":{"line":131,"column":38}},"loc":{"start":{"line":131,"column":39},"end":{"line":131,"column":96}}},"3":{"name":"(anonymous_11)","decl":{"start":{"line":136,"column":34},"end":{"line":136,"column":35}},"loc":{"start":{"line":136,"column":207},"end":{"line":1039,"column":1}}},"4":{"name":"(anonymous_12)","decl":{"start":{"line":140,"column":25},"end":{"line":140,"column":26}},"loc":{"start":{"line":140,"column":108},"end":{"line":153,"column":5}}},"5":{"name":"(anonymous_13)","decl":{"start":{"line":154,"column":34},"end":{"line":154,"column":null}},"loc":{"start":{"line":154,"column":34},"end":{"line":161,"column":5}}},"6":{"name":"(anonymous_14)","decl":{"start":{"line":166,"column":13},"end":{"line":166,"column":14}},"loc":{"start":{"line":166,"column":24},"end":{"line":1036,"column":13}}},"7":{"name":"(anonymous_15)","decl":{"start":{"line":506,"column":48},"end":{"line":506,"column":49}},"loc":{"start":{"line":506,"column":62},"end":{"line":506,"column":null}}},"8":{"name":"(anonymous_16)","decl":{"start":{"line":586,"column":48},"end":{"line":586,"column":49}},"loc":{"start":{"line":586,"column":62},"end":{"line":586,"column":null}}},"9":{"name":"(anonymous_17)","decl":{"start":{"line":935,"column":48},"end":{"line":935,"column":49}},"loc":{"start":{"line":935,"column":62},"end":{"line":935,"column":null}}},"10":{"name":"(anonymous_18)","decl":{"start":{"line":1015,"column":48},"end":{"line":1015,"column":49}},"loc":{"start":{"line":1015,"column":62},"end":{"line":1015,"column":null}}}},"branchMap":{"0":{"loc":{"start":{"line":136,"column":69},"end":{"line":136,"column":96}},"type":"cond-expr","locations":[{"start":{"line":136,"column":72},"end":{"line":136,"column":94}},{"start":{"line":136,"column":94},"end":{"line":136,"column":96}}]},"1":{"loc":{"start":{"line":137,"column":28},"end":{"line":137,"column":113}},"type":"cond-expr","locations":[{"start":{"line":137,"column":57},"end":{"line":137,"column":104}},{"start":{"line":137,"column":107},"end":{"line":137,"column":113}}]},"2":{"loc":{"start":{"line":138,"column":29},"end":{"line":138,"column":117}},"type":"cond-expr","locations":[{"start":{"line":138,"column":59},"end":{"line":138,"column":107}},{"start":{"line":138,"column":110},"end":{"line":138,"column":117}}]},"3":{"loc":{"start":{"line":144,"column":20},"end":{"line":144,"column":83}},"type":"binary-expr","locations":[{"start":{"line":144,"column":20},"end":{"line":144,"column":35}},{"start":{"line":144,"column":35},"end":{"line":144,"column":83}}]},"4":{"loc":{"start":{"line":145,"column":21},"end":{"line":145,"column":81}},"type":"binary-expr","locations":[{"start":{"line":145,"column":21},"end":{"line":145,"column":37}},{"start":{"line":145,"column":37},"end":{"line":145,"column":81}}]},"5":{"loc":{"start":{"line":151,"column":8},"end":{"line":151,"column":32}},"type":"binary-expr","locations":[{"start":{"line":151,"column":8},"end":{"line":151,"column":16}},{"start":{"line":151,"column":20},"end":{"line":151,"column":32}}]},"6":{"loc":{"start":{"line":156,"column":8},"end":{"line":158,"column":null}},"type":"if","locations":[{"start":{"line":156,"column":8},"end":{"line":158,"column":null}}]},"7":{"loc":{"start":{"line":202,"column":62},"end":{"line":202,"column":120}},"type":"binary-expr","locations":[{"start":{"line":202,"column":62},"end":{"line":202,"column":85}},{"start":{"line":202,"column":89},"end":{"line":202,"column":120}}]},"8":{"loc":{"start":{"line":224,"column":62},"end":{"line":224,"column":120}},"type":"binary-expr","locations":[{"start":{"line":224,"column":62},"end":{"line":224,"column":85}},{"start":{"line":224,"column":89},"end":{"line":224,"column":120}}]},"9":{"loc":{"start":{"line":246,"column":62},"end":{"line":246,"column":120}},"type":"binary-expr","locations":[{"start":{"line":246,"column":62},"end":{"line":246,"column":85}},{"start":{"line":246,"column":89},"end":{"line":246,"column":120}}]},"10":{"loc":{"start":{"line":271,"column":70},"end":{"line":271,"column":128}},"type":"binary-expr","locations":[{"start":{"line":271,"column":70},"end":{"line":271,"column":93}},{"start":{"line":271,"column":97},"end":{"line":271,"column":128}}]},"11":{"loc":{"start":{"line":280,"column":70},"end":{"line":280,"column":154}},"type":"binary-expr","locations":[{"start":{"line":280,"column":70},"end":{"line":280,"column":92}},{"start":{"line":280,"column":96},"end":{"line":280,"column":119}},{"start":{"line":280,"column":123},"end":{"line":280,"column":154}}]},"12":{"loc":{"start":{"line":290,"column":70},"end":{"line":290,"column":128}},"type":"binary-expr","locations":[{"start":{"line":290,"column":70},"end":{"line":290,"column":93}},{"start":{"line":290,"column":97},"end":{"line":290,"column":128}}]},"13":{"loc":{"start":{"line":320,"column":70},"end":{"line":320,"column":128}},"type":"binary-expr","locations":[{"start":{"line":320,"column":70},"end":{"line":320,"column":93}},{"start":{"line":320,"column":97},"end":{"line":320,"column":128}}]},"14":{"loc":{"start":{"line":329,"column":70},"end":{"line":329,"column":156}},"type":"binary-expr","locations":[{"start":{"line":329,"column":70},"end":{"line":329,"column":94}},{"start":{"line":329,"column":98},"end":{"line":329,"column":121}},{"start":{"line":329,"column":125},"end":{"line":329,"column":156}}]},"15":{"loc":{"start":{"line":339,"column":70},"end":{"line":339,"column":128}},"type":"binary-expr","locations":[{"start":{"line":339,"column":70},"end":{"line":339,"column":93}},{"start":{"line":339,"column":97},"end":{"line":339,"column":128}}]},"16":{"loc":{"start":{"line":368,"column":70},"end":{"line":368,"column":128}},"type":"binary-expr","locations":[{"start":{"line":368,"column":70},"end":{"line":368,"column":93}},{"start":{"line":368,"column":97},"end":{"line":368,"column":128}}]},"17":{"loc":{"start":{"line":377,"column":70},"end":{"line":377,"column":153}},"type":"binary-expr","locations":[{"start":{"line":377,"column":70},"end":{"line":377,"column":91}},{"start":{"line":377,"column":95},"end":{"line":377,"column":118}},{"start":{"line":377,"column":122},"end":{"line":377,"column":153}}]},"18":{"loc":{"start":{"line":387,"column":70},"end":{"line":387,"column":128}},"type":"binary-expr","locations":[{"start":{"line":387,"column":70},"end":{"line":387,"column":93}},{"start":{"line":387,"column":97},"end":{"line":387,"column":128}}]},"19":{"loc":{"start":{"line":416,"column":70},"end":{"line":416,"column":128}},"type":"binary-expr","locations":[{"start":{"line":416,"column":70},"end":{"line":416,"column":93}},{"start":{"line":416,"column":97},"end":{"line":416,"column":128}}]},"20":{"loc":{"start":{"line":425,"column":70},"end":{"line":425,"column":153}},"type":"binary-expr","locations":[{"start":{"line":425,"column":70},"end":{"line":425,"column":91}},{"start":{"line":425,"column":95},"end":{"line":425,"column":118}},{"start":{"line":425,"column":122},"end":{"line":425,"column":153}}]},"21":{"loc":{"start":{"line":435,"column":70},"end":{"line":435,"column":128}},"type":"binary-expr","locations":[{"start":{"line":435,"column":70},"end":{"line":435,"column":93}},{"start":{"line":435,"column":97},"end":{"line":435,"column":128}}]},"22":{"loc":{"start":{"line":465,"column":70},"end":{"line":465,"column":130}},"type":"binary-expr","locations":[{"start":{"line":465,"column":70},"end":{"line":465,"column":93}},{"start":{"line":465,"column":97},"end":{"line":465,"column":130}}]},"23":{"loc":{"start":{"line":474,"column":70},"end":{"line":474,"column":157}},"type":"binary-expr","locations":[{"start":{"line":474,"column":70},"end":{"line":474,"column":93}},{"start":{"line":474,"column":97},"end":{"line":474,"column":120}},{"start":{"line":474,"column":124},"end":{"line":474,"column":157}}]},"24":{"loc":{"start":{"line":484,"column":70},"end":{"line":484,"column":130}},"type":"binary-expr","locations":[{"start":{"line":484,"column":70},"end":{"line":484,"column":93}},{"start":{"line":484,"column":97},"end":{"line":484,"column":130}}]},"25":{"loc":{"start":{"line":496,"column":25},"end":{"line":524,"column":47}},"type":"binary-expr","locations":[{"start":{"line":496,"column":25},"end":{"line":496,"column":48}},{"start":{"line":496,"column":52},"end":{"line":496,"column":82}},{"start":{"line":497,"column":28},"end":{"line":523,"column":null}}]},"26":{"loc":{"start":{"line":525,"column":25},"end":{"line":575,"column":47}},"type":"binary-expr","locations":[{"start":{"line":525,"column":25},"end":{"line":525,"column":48}},{"start":{"line":525,"column":52},"end":{"line":525,"column":82}},{"start":{"line":526,"column":28},"end":{"line":574,"column":null}}]},"27":{"loc":{"start":{"line":576,"column":25},"end":{"line":604,"column":47}},"type":"binary-expr","locations":[{"start":{"line":576,"column":25},"end":{"line":576,"column":48}},{"start":{"line":576,"column":52},"end":{"line":576,"column":82}},{"start":{"line":577,"column":28},"end":{"line":603,"column":null}}]},"28":{"loc":{"start":{"line":605,"column":25},"end":{"line":623,"column":47}},"type":"binary-expr","locations":[{"start":{"line":605,"column":25},"end":{"line":605,"column":48}},{"start":{"line":605,"column":52},"end":{"line":605,"column":82}},{"start":{"line":606,"column":28},"end":{"line":622,"column":null}}]},"29":{"loc":{"start":{"line":641,"column":25},"end":{"line":924,"column":47}},"type":"binary-expr","locations":[{"start":{"line":641,"column":25},"end":{"line":641,"column":44}},{"start":{"line":642,"column":28},"end":{"line":923,"column":null}}]},"30":{"loc":{"start":{"line":675,"column":66},"end":{"line":675,"column":124}},"type":"binary-expr","locations":[{"start":{"line":675,"column":66},"end":{"line":675,"column":89}},{"start":{"line":675,"column":93},"end":{"line":675,"column":124}}]},"31":{"loc":{"start":{"line":700,"column":74},"end":{"line":700,"column":132}},"type":"binary-expr","locations":[{"start":{"line":700,"column":74},"end":{"line":700,"column":97}},{"start":{"line":700,"column":101},"end":{"line":700,"column":132}}]},"32":{"loc":{"start":{"line":709,"column":74},"end":{"line":709,"column":158}},"type":"binary-expr","locations":[{"start":{"line":709,"column":74},"end":{"line":709,"column":96}},{"start":{"line":709,"column":100},"end":{"line":709,"column":123}},{"start":{"line":709,"column":127},"end":{"line":709,"column":158}}]},"33":{"loc":{"start":{"line":719,"column":74},"end":{"line":719,"column":132}},"type":"binary-expr","locations":[{"start":{"line":719,"column":74},"end":{"line":719,"column":97}},{"start":{"line":719,"column":101},"end":{"line":719,"column":132}}]},"34":{"loc":{"start":{"line":749,"column":74},"end":{"line":749,"column":132}},"type":"binary-expr","locations":[{"start":{"line":749,"column":74},"end":{"line":749,"column":97}},{"start":{"line":749,"column":101},"end":{"line":749,"column":132}}]},"35":{"loc":{"start":{"line":758,"column":74},"end":{"line":758,"column":160}},"type":"binary-expr","locations":[{"start":{"line":758,"column":74},"end":{"line":758,"column":98}},{"start":{"line":758,"column":102},"end":{"line":758,"column":125}},{"start":{"line":758,"column":129},"end":{"line":758,"column":160}}]},"36":{"loc":{"start":{"line":768,"column":74},"end":{"line":768,"column":132}},"type":"binary-expr","locations":[{"start":{"line":768,"column":74},"end":{"line":768,"column":97}},{"start":{"line":768,"column":101},"end":{"line":768,"column":132}}]},"37":{"loc":{"start":{"line":797,"column":74},"end":{"line":797,"column":132}},"type":"binary-expr","locations":[{"start":{"line":797,"column":74},"end":{"line":797,"column":97}},{"start":{"line":797,"column":101},"end":{"line":797,"column":132}}]},"38":{"loc":{"start":{"line":806,"column":74},"end":{"line":806,"column":157}},"type":"binary-expr","locations":[{"start":{"line":806,"column":74},"end":{"line":806,"column":95}},{"start":{"line":806,"column":99},"end":{"line":806,"column":122}},{"start":{"line":806,"column":126},"end":{"line":806,"column":157}}]},"39":{"loc":{"start":{"line":816,"column":74},"end":{"line":816,"column":132}},"type":"binary-expr","locations":[{"start":{"line":816,"column":74},"end":{"line":816,"column":97}},{"start":{"line":816,"column":101},"end":{"line":816,"column":132}}]},"40":{"loc":{"start":{"line":845,"column":74},"end":{"line":845,"column":132}},"type":"binary-expr","locations":[{"start":{"line":845,"column":74},"end":{"line":845,"column":97}},{"start":{"line":845,"column":101},"end":{"line":845,"column":132}}]},"41":{"loc":{"start":{"line":854,"column":74},"end":{"line":854,"column":157}},"type":"binary-expr","locations":[{"start":{"line":854,"column":74},"end":{"line":854,"column":95}},{"start":{"line":854,"column":99},"end":{"line":854,"column":122}},{"start":{"line":854,"column":126},"end":{"line":854,"column":157}}]},"42":{"loc":{"start":{"line":864,"column":74},"end":{"line":864,"column":132}},"type":"binary-expr","locations":[{"start":{"line":864,"column":74},"end":{"line":864,"column":97}},{"start":{"line":864,"column":101},"end":{"line":864,"column":132}}]},"43":{"loc":{"start":{"line":894,"column":74},"end":{"line":894,"column":134}},"type":"binary-expr","locations":[{"start":{"line":894,"column":74},"end":{"line":894,"column":97}},{"start":{"line":894,"column":101},"end":{"line":894,"column":134}}]},"44":{"loc":{"start":{"line":903,"column":74},"end":{"line":903,"column":161}},"type":"binary-expr","locations":[{"start":{"line":903,"column":74},"end":{"line":903,"column":97}},{"start":{"line":903,"column":101},"end":{"line":903,"column":124}},{"start":{"line":903,"column":128},"end":{"line":903,"column":161}}]},"45":{"loc":{"start":{"line":913,"column":74},"end":{"line":913,"column":134}},"type":"binary-expr","locations":[{"start":{"line":913,"column":74},"end":{"line":913,"column":97}},{"start":{"line":913,"column":101},"end":{"line":913,"column":134}}]},"46":{"loc":{"start":{"line":925,"column":25},"end":{"line":953,"column":47}},"type":"binary-expr","locations":[{"start":{"line":925,"column":25},"end":{"line":925,"column":48}},{"start":{"line":925,"column":52},"end":{"line":925,"column":82}},{"start":{"line":926,"column":28},"end":{"line":952,"column":null}}]},"47":{"loc":{"start":{"line":954,"column":25},"end":{"line":1004,"column":47}},"type":"binary-expr","locations":[{"start":{"line":954,"column":25},"end":{"line":954,"column":48}},{"start":{"line":954,"column":52},"end":{"line":954,"column":82}},{"start":{"line":955,"column":28},"end":{"line":1003,"column":null}}]},"48":{"loc":{"start":{"line":1005,"column":25},"end":{"line":1033,"column":47}},"type":"binary-expr","locations":[{"start":{"line":1005,"column":25},"end":{"line":1005,"column":48}},{"start":{"line":1005,"column":52},"end":{"line":1005,"column":82}},{"start":{"line":1006,"column":28},"end":{"line":1032,"column":null}}]}},"s":{"0":1,"1":1,"2":1,"3":1,"4":1,"5":1,"6":1,"7":1,"8":1,"9":1,"10":1,"11":1,"12":1,"13":0,"14":0,"15":0,"16":0,"17":1,"18":0,"19":0,"20":0,"21":0,"22":0,"23":0,"24":0,"25":0,"26":0,"27":0,"28":0,"29":0,"30":0,"31":0,"32":0,"33":0,"34":0,"35":0,"36":0,"37":0,"38":0,"39":0,"40":0,"41":0,"42":0,"43":0,"44":0,"45":0,"46":0,"47":0,"48":0,"49":0,"50":0,"51":0,"52":0,"53":0,"54":0,"55":0,"56":0,"57":0,"58":1},"f":{"0":1,"1":0,"2":0,"3":0,"4":0,"5":0,"6":0,"7":0,"8":0,"9":0,"10":0},"b":{"0":[0,0],"1":[0,0],"2":[0,0],"3":[0,0],"4":[0,0],"5":[0,0],"6":[0],"7":[0,0],"8":[0,0],"9":[0,0],"10":[0,0],"11":[0,0,0],"12":[0,0],"13":[0,0],"14":[0,0,0],"15":[0,0],"16":[0,0],"17":[0,0,0],"18":[0,0],"19":[0,0],"20":[0,0,0],"21":[0,0],"22":[0,0],"23":[0,0,0],"24":[0,0],"25":[0,0,0],"26":[0,0,0],"27":[0,0,0],"28":[0,0,0],"29":[0,0],"30":[0,0],"31":[0,0],"32":[0,0,0],"33":[0,0],"34":[0,0],"35":[0,0,0],"36":[0,0],"37":[0,0],"38":[0,0,0],"39":[0,0],"40":[0,0],"41":[0,0,0],"42":[0,0],"43":[0,0],"44":[0,0,0],"45":[0,0],"46":[0,0,0],"47":[0,0,0],"48":[0,0,0]}}
,"/Users/axelvanraes/dev/tiro-medical-forms/src/Questionnaires/ICHOM/LPC/TreatmentVariables/consts.ts": {"path":"/Users/axelvanraes/dev/tiro-medical-forms/src/Questionnaires/ICHOM/LPC/TreatmentVariables/consts.ts","statementMap":{"0":{"start":{"line":1,"column":0},"end":{"line":1,"column":149}},"1":{"start":{"line":2,"column":0},"end":{"line":2,"column":51}},"2":{"start":{"line":4,"column":13},"end":{"line":53,"column":null}},"3":{"start":{"line":5,"column":73},"end":{"line":5,"column":76}},"4":{"start":{"line":31,"column":73},"end":{"line":31,"column":76}}},"fnMap":{"0":{"name":"(anonymous_0)","decl":{"start":{"line":5,"column":68},"end":{"line":5,"column":69}},"loc":{"start":{"line":5,"column":69},"end":{"line":5,"column":75}}},"1":{"name":"(anonymous_1)","decl":{"start":{"line":31,"column":68},"end":{"line":31,"column":69}},"loc":{"start":{"line":31,"column":69},"end":{"line":31,"column":75}}}},"branchMap":{},"s":{"0":1,"1":1,"2":1,"3":2,"4":0},"f":{"0":2,"1":0},"b":{}}
,"/Users/axelvanraes/dev/tiro-medical-forms/src/util/dispatch.ts": {"path":"/Users/axelvanraes/dev/tiro-medical-forms/src/util/dispatch.ts","statementMap":{"0":{"start":{"line":3,"column":19},"end":{"line":5,"column":1}},"1":{"start":{"line":4,"column":2},"end":{"line":4,"column":33}},"2":{"start":{"line":6,"column":36},"end":{"line":11,"column":1}},"3":{"start":{"line":10,"column":2},"end":{"line":10,"column":63}},"4":{"start":{"line":6,"column":13},"end":{"line":6,"column":36}}},"fnMap":{"0":{"name":"(anonymous_0)","decl":{"start":{"line":3,"column":19},"end":{"line":3,"column":20}},"loc":{"start":{"line":3,"column":26},"end":{"line":5,"column":1}}},"1":{"name":"(anonymous_1)","decl":{"start":{"line":6,"column":36},"end":{"line":6,"column":null}},"loc":{"start":{"line":8,"column":29},"end":{"line":11,"column":1}}}},"branchMap":{"0":{"loc":{"start":{"line":10,"column":9},"end":{"line":10,"column":62}},"type":"cond-expr","locations":[{"start":{"line":10,"column":32},"end":{"line":10,"column":51}},{"start":{"line":10,"column":54},"end":{"line":10,"column":62}}]}},"s":{"0":7,"1":0,"2":7,"3":0,"4":7},"f":{"0":0,"1":0},"b":{"0":[0,0]}}
}
