TN:
SF:src/Controlled/ChoiceField.tsx
FN:15,stateReducer
FN:53,(anonymous_4)
FN:75,(anonymous_5)
FN:77,(anonymous_6)
FN:83,(anonymous_7)
FN:88,(anonymous_8)
FN:109,(anonymous_9)
FN:133,(anonymous_10)
FNF:8
FNH:0
FNDA:0,stateReducer
FNDA:0,(anonymous_4)
FNDA:0,(anonymous_5)
FNDA:0,(anonymous_6)
FNDA:0,(anonymous_7)
FNDA:0,(anonymous_8)
FNDA:0,(anonymous_9)
FNDA:0,(anonymous_10)
DA:1,2
DA:2,2
DA:3,2
DA:4,2
DA:9,2
DA:10,2
DA:13,2
DA:19,0
DA:21,0
DA:23,0
DA:33,0
DA:42,0
DA:53,2
DA:54,0
DA:55,0
DA:56,0
DA:57,0
DA:58,0
DA:60,0
DA:61,0
DA:63,0
DA:64,0
DA:65,0
DA:66,0
DA:67,0
DA:68,0
DA:69,0
DA:70,0
DA:71,0
DA:72,0
DA:75,0
DA:77,0
DA:78,0
DA:79,0
DA:80,0
DA:82,0
DA:84,0
DA:88,0
DA:89,0
DA:90,0
DA:95,0
DA:96,0
DA:97,0
DA:100,0
DA:109,0
DA:127,0
DA:134,0
LF:47
LH:8
BRDA:21,0,0,0
BRDA:21,0,1,0
BRDA:21,0,2,0
BRDA:21,0,3,0
BRDA:21,0,4,0
BRDA:36,1,0,0
BRDA:36,1,1,0
BRDA:75,2,0,0
BRDA:75,2,1,0
BRDA:75,3,0,0
BRDA:75,3,1,0
BRDA:75,4,0,0
BRDA:75,4,1,0
BRDA:75,5,0,0
BRDA:75,5,1,0
BRDA:78,6,0,0
BRDA:78,7,0,0
BRDA:78,7,1,0
BRDA:84,8,0,0
BRDA:84,8,1,0
BRDA:84,9,0,0
BRDA:84,9,1,0
BRDA:84,10,0,0
BRDA:84,10,1,0
BRDA:84,11,0,0
BRDA:84,11,1,0
BRDA:89,12,0,0
BRDA:89,12,1,0
BRDA:89,13,0,0
BRDA:89,13,1,0
BRDA:89,14,0,0
BRDA:89,14,1,0
BRDA:96,15,0,0
BRDA:96,15,1,0
BRDA:97,16,0,0
BRDA:97,16,1,0
BRDA:97,17,0,0
BRDA:97,17,1,0
BRDA:97,18,0,0
BRDA:97,18,1,0
BRDA:108,19,0,0
BRDA:108,19,1,0
BRDA:134,20,0,0
BRDA:134,20,1,0
BRDA:141,21,0,0
BRDA:141,21,1,0
BRDA:141,22,0,0
BRDA:141,22,1,0
BRDA:141,23,0,0
BRDA:141,23,1,0
BRDA:141,24,0,0
BRDA:141,24,1,0
BRDA:141,25,0,0
BRDA:141,25,1,0
BRDA:141,26,0,0
BRDA:141,26,1,0
BRDA:142,27,0,0
BRDA:142,27,1,0
BRDA:142,28,0,0
BRDA:142,28,1,0
BRDA:142,29,0,0
BRDA:142,29,1,0
BRDA:142,30,0,0
BRDA:142,30,1,0
BRDA:158,31,0,0
BRDA:158,31,1,0
BRDA:158,32,0,0
BRDA:158,32,1,0
BRF:68
BRH:0
end_of_record
TN:
SF:src/FHIR/types.ts
FN:32,(anonymous_0)
FNF:1
FNH:0
FNDA:0,(anonymous_0)
DA:3,7
DA:6,7
DA:13,7
DA:15,7
DA:16,7
DA:17,7
DA:18,7
DA:19,7
DA:20,7
DA:21,7
DA:32,7
DA:44,7
DA:79,7
DA:86,7
LF:14
LH:14
BRF:0
BRH:0
end_of_record
TN:
SF:src/FHIR/validate.ts
FN:5,(anonymous_2)
FN:6,(anonymous_3)
FN:7,(anonymous_4)
FN:8,(anonymous_5)
FN:9,(anonymous_6)
FN:9,(anonymous_7)
FN:10,(anonymous_8)
FN:12,(anonymous_9)
FN:13,(anonymous_10)
FN:14,(anonymous_11)
FN:14,(anonymous_12)
FN:15,(anonymous_13)
FN:15,(anonymous_14)
FN:16,(anonymous_15)
FN:16,(anonymous_16)
FN:27,mapToFHIRValueField
FN:34,mapToRecordValueField
FN:43,convertRecordToQRItems
FN:45,(anonymous_20)
FN:49,(anonymous_21)
FN:56,(anonymous_22)
FN:69,convertQRItemsToRecord
FNF:22
FNH:19
FNDA:4,(anonymous_2)
FNDA:0,(anonymous_3)
FNDA:54,(anonymous_4)
FNDA:39,(anonymous_5)
FNDA:2,(anonymous_6)
FNDA:2,(anonymous_7)
FNDA:14,(anonymous_8)
FNDA:1,(anonymous_9)
FNDA:10,(anonymous_10)
FNDA:6,(anonymous_11)
FNDA:0,(anonymous_12)
FNDA:4,(anonymous_13)
FNDA:2,(anonymous_14)
FNDA:5,(anonymous_15)
FNDA:6,(anonymous_16)
FNDA:106,mapToFHIRValueField
FNDA:208,mapToRecordValueField
FNDA:7,convertRecordToQRItems
FNDA:103,(anonymous_20)
FNDA:7,(anonymous_21)
FNDA:0,(anonymous_22)
FNDA:15,convertQRItemsToRecord
DA:2,7
DA:3,7
DA:5,7
DA:6,7
DA:7,54
DA:8,39
DA:9,7
DA:10,14
DA:12,7
DA:13,10
DA:14,7
DA:15,7
DA:16,7
DA:18,7
DA:27,7
DA:28,268
DA:29,268
DA:31,2
DA:34,7
DA:35,208
DA:36,159
DA:37,138
DA:38,129
DA:39,102
DA:40,88
DA:43,14
DA:44,7
DA:45,103
DA:46,103
DA:47,103
DA:48,103
DA:49,4
DA:50,7
DA:51,7
DA:52,7
DA:56,99
DA:57,99
DA:58,97
DA:62,2
DA:64,103
DA:66,7
DA:69,7
DA:70,15
DA:71,210
DA:72,210
DA:73,6
DA:75,210
DA:76,201
DA:77,201
DA:80,210
DA:81,3
DA:82,3
DA:83,7
DA:84,7
DA:85,7
DA:90,15
LF:56
LH:56
BRDA:5,0,0,0
BRDA:5,0,1,4
BRDA:7,1,0,4
BRDA:7,1,1,50
BRDA:8,2,0,0
BRDA:8,2,1,39
BRDA:9,3,0,0
BRDA:9,3,1,2
BRDA:10,4,0,0
BRDA:10,4,1,14
BRDA:13,5,0,0
BRDA:13,5,1,10
BRDA:16,6,0,0
BRDA:16,6,1,6
BRDA:16,7,0,6
BRDA:16,7,1,6
BRDA:29,8,0,104
BRDA:35,9,0,49
BRDA:36,10,0,21
BRDA:37,11,0,9
BRDA:38,12,0,27
BRDA:39,13,0,14
BRDA:39,14,0,7
BRDA:39,14,1,7
BRDA:39,15,0,14
BRDA:39,15,1,14
BRDA:43,16,0,7
BRDA:48,17,0,4
BRDA:48,17,1,99
BRDA:51,18,0,7
BRDA:51,18,1,0
BRDA:51,19,0,7
BRDA:51,19,1,7
BRDA:58,20,0,97
BRDA:58,20,1,0
BRDA:58,21,0,97
BRDA:58,21,1,97
BRDA:72,22,0,6
BRDA:75,23,0,201
BRDA:80,24,0,3
BRF:40
BRH:32
end_of_record
TN:
SF:src/Questionnaires/QuestionnaireResponse.tsx
FN:18,(anonymous_10)
FN:27,(anonymous_11)
FN:35,(anonymous_12)
FN:51,(anonymous_13)
FN:53,(anonymous_14)
FN:59,(anonymous_15)
FN:60,(anonymous_16)
FN:71,(anonymous_17)
FN:72,(anonymous_18)
FN:91,(anonymous_19)
FNF:10
FNH:1
FNDA:8,(anonymous_10)
FNDA:0,(anonymous_11)
FNDA:0,(anonymous_12)
FNDA:0,(anonymous_13)
FNDA:0,(anonymous_14)
FNDA:0,(anonymous_15)
FNDA:0,(anonymous_16)
FNDA:0,(anonymous_17)
FNDA:0,(anonymous_18)
FNDA:0,(anonymous_19)
DA:1,7
DA:2,7
DA:4,7
DA:7,7
DA:18,8
DA:26,7
DA:27,7
DA:28,0
DA:29,0
DA:30,0
DA:32,0
DA:35,7
DA:36,0
DA:43,7
DA:51,7
DA:52,0
DA:53,0
DA:54,0
DA:55,0
DA:56,0
DA:59,0
DA:60,0
DA:71,0
DA:72,0
DA:73,0
DA:74,0
DA:76,0
DA:81,0
DA:82,0
DA:84,0
DA:91,7
DA:92,0
DA:93,0
DA:94,0
DA:96,0
LF:35
LH:11
BRDA:29,0,0,0
BRDA:54,1,0,0
BRDA:54,1,1,0
BRDA:55,2,0,0
BRDA:73,3,0,0
BRDA:81,4,0,0
BRDA:93,5,0,0
BRF:7
BRH:0
end_of_record
TN:
SF:src/Questionnaires/ICHOM/LPC/FormContainer.tsx
FN:4,(anonymous_4)
FN:24,(anonymous_5)
FN:37,(anonymous_6)
FN:49,(anonymous_7)
FNF:4
FNH:0
FNDA:0,(anonymous_4)
FNDA:0,(anonymous_5)
FNDA:0,(anonymous_6)
FNDA:0,(anonymous_7)
DA:1,7
DA:2,7
DA:3,7
DA:4,7
DA:24,7
DA:37,0
DA:49,7
LF:7
LH:6
BRDA:28,0,0,0
BRDA:28,0,1,0
BRDA:38,1,0,0
BRDA:38,1,1,0
BRDA:53,2,0,0
BRDA:53,2,1,0
BRF:6
BRH:0
end_of_record
TN:
SF:src/Questionnaires/ICHOM/LPC/QuestionWrapper.tsx
FN:4,(anonymous_2)
FNF:1
FNH:0
FNDA:0,(anonymous_2)
DA:1,7
DA:2,7
DA:4,7
DA:5,0
LF:4
LH:3
BRF:0
BRH:0
end_of_record
TN:
SF:src/Questionnaires/ICHOM/LPC/AcuteComplicationsOfTreatment/AcuteComplicationsOfTreatment.tsx
FN:27,(anonymous_8)
FN:38,(anonymous_9)
FN:42,(anonymous_10)
FN:45,(anonymous_11)
FN:60,(anonymous_12)
FN:72,(anonymous_13)
FNF:6
FNH:1
FNDA:2,(anonymous_8)
FNDA:0,(anonymous_9)
FNDA:0,(anonymous_10)
FNDA:0,(anonymous_11)
FNDA:0,(anonymous_12)
FNDA:0,(anonymous_13)
DA:2,1
DA:3,1
DA:4,1
DA:5,1
DA:6,1
DA:7,1
DA:8,1
DA:9,1
DA:11,1
DA:27,2
DA:38,1
DA:39,0
DA:40,0
DA:42,1
DA:43,0
DA:44,0
DA:45,0
DA:46,0
DA:47,0
DA:53,0
DA:54,0
DA:55,0
DA:56,0
DA:57,0
DA:58,0
DA:60,0
DA:61,0
DA:62,0
DA:63,0
DA:65,0
DA:66,0
DA:70,0
DA:72,0
LF:33
LH:12
BRDA:42,0,0,0
BRDA:42,0,1,0
BRDA:43,1,0,0
BRDA:43,1,1,0
BRDA:44,2,0,0
BRDA:44,2,1,0
BRDA:49,3,0,0
BRDA:49,3,1,0
BRDA:50,4,0,0
BRDA:50,4,1,0
BRDA:57,5,0,0
BRDA:57,5,1,0
BRDA:62,6,0,0
BRDA:165,7,0,0
BRDA:165,7,1,0
BRF:15
BRH:0
end_of_record
TN:
SF:src/Questionnaires/ICHOM/LPC/AcuteComplicationsOfTreatment/consts.ts
FN:7,(anonymous_0)
FNF:1
FNH:1
FNDA:1,(anonymous_0)
DA:1,1
DA:2,1
DA:4,1
DA:7,1
LF:4
LH:4
BRF:0
BRH:0
end_of_record
TN:
SF:src/Questionnaires/ICHOM/LPC/BaselineTumorFactors/BaselineTumorFactors.tsx
FN:27,(anonymous_8)
FN:43,(anonymous_9)
FN:45,(anonymous_10)
FN:49,(anonymous_11)
FN:53,(anonymous_12)
FN:67,(anonymous_13)
FNF:6
FNH:1
FNDA:1,(anonymous_8)
FNDA:0,(anonymous_9)
FNDA:0,(anonymous_10)
FNDA:0,(anonymous_11)
FNDA:0,(anonymous_12)
FNDA:0,(anonymous_13)
DA:1,1
DA:3,1
DA:4,1
DA:5,1
DA:6,1
DA:7,1
DA:8,1
DA:10,1
DA:11,1
DA:13,1
DA:27,1
DA:43,1
DA:44,0
DA:45,0
DA:46,0
DA:49,1
DA:50,0
DA:51,0
DA:53,0
DA:54,0
DA:55,0
DA:60,0
DA:61,0
DA:62,0
DA:63,0
DA:64,0
DA:65,0
DA:67,0
DA:68,0
DA:69,0
DA:70,0
DA:72,0
DA:73,0
DA:76,0
LF:34
LH:13
BRDA:49,0,0,0
BRDA:49,0,1,0
BRDA:50,1,0,0
BRDA:50,1,1,0
BRDA:51,2,0,0
BRDA:51,2,1,0
BRDA:57,3,0,0
BRDA:57,3,1,0
BRDA:58,4,0,0
BRDA:58,4,1,0
BRDA:64,5,0,0
BRDA:64,5,1,0
BRDA:69,6,0,0
BRF:13
BRH:0
end_of_record
TN:
SF:src/Questionnaires/ICHOM/LPC/BaselineTumorFactors/consts.ts
FNF:0
FNH:0
DA:2,2
DA:4,2
DA:5,2
DA:7,2
DA:23,2
DA:29,2
LF:6
LH:6
BRF:0
BRH:0
end_of_record
TN:
SF:src/Questionnaires/ICHOM/LPC/PathologyInformation/PathologyInformation.tsx
FN:23,(anonymous_8)
FN:36,(anonymous_9)
FN:38,(anonymous_10)
FN:42,(anonymous_11)
FN:47,(anonymous_12)
FN:61,(anonymous_13)
FNF:6
FNH:1
FNDA:1,(anonymous_8)
FNDA:0,(anonymous_9)
FNDA:0,(anonymous_10)
FNDA:0,(anonymous_11)
FNDA:0,(anonymous_12)
FNDA:0,(anonymous_13)
DA:1,1
DA:2,1
DA:4,1
DA:5,1
DA:6,1
DA:8,1
DA:9,1
DA:10,1
DA:11,1
DA:12,1
DA:13,1
DA:23,1
DA:36,1
DA:37,0
DA:38,0
DA:39,0
DA:42,1
DA:44,0
DA:45,0
DA:47,0
DA:48,0
DA:49,0
DA:54,0
DA:55,0
DA:56,0
DA:57,0
DA:58,0
DA:59,0
DA:61,0
DA:62,0
DA:63,0
DA:64,0
DA:65,0
DA:66,0
DA:70,0
LF:35
LH:14
BRDA:42,0,0,0
BRDA:42,0,1,0
BRDA:44,1,0,0
BRDA:44,1,1,0
BRDA:45,2,0,0
BRDA:45,2,1,0
BRDA:51,3,0,0
BRDA:51,3,1,0
BRDA:52,4,0,0
BRDA:52,4,1,0
BRDA:58,5,0,0
BRDA:58,5,1,0
BRDA:63,6,0,0
BRF:13
BRH:0
end_of_record
TN:
SF:src/Questionnaires/ICHOM/LPC/PathologyInformation/consts.ts
FNF:0
FNH:0
DA:1,1
DA:2,1
DA:3,1
DA:5,1
DA:10,1
DA:22,1
LF:6
LH:6
BRF:0
BRH:0
end_of_record
TN:
SF:src/Questionnaires/ICHOM/LPC/PatientFactors/PatientFactors.tsx
FN:25,(anonymous_8)
FN:34,(anonymous_9)
FN:36,(anonymous_10)
FN:40,(anonymous_11)
FN:44,(anonymous_12)
FN:58,(anonymous_13)
FN:98,(anonymous_14)
FNF:7
FNH:1
FNDA:1,(anonymous_8)
FNDA:0,(anonymous_9)
FNDA:0,(anonymous_10)
FNDA:0,(anonymous_11)
FNDA:0,(anonymous_12)
FNDA:0,(anonymous_13)
FNDA:0,(anonymous_14)
DA:2,1
DA:3,1
DA:4,1
DA:5,1
DA:6,1
DA:7,1
DA:9,1
DA:10,1
DA:12,1
DA:25,1
DA:34,1
DA:35,0
DA:36,0
DA:37,0
DA:40,1
DA:41,0
DA:42,0
DA:44,0
DA:45,0
DA:46,0
DA:51,0
DA:52,0
DA:53,0
DA:54,0
DA:55,0
DA:56,0
DA:58,0
DA:59,0
DA:60,0
DA:61,0
DA:62,0
DA:63,0
DA:66,0
DA:98,0
LF:34
LH:12
BRDA:40,0,0,0
BRDA:40,0,1,0
BRDA:41,1,0,0
BRDA:41,1,1,0
BRDA:42,2,0,0
BRDA:42,2,1,0
BRDA:48,3,0,0
BRDA:48,3,1,0
BRDA:49,4,0,0
BRDA:49,4,1,0
BRDA:55,5,0,0
BRDA:55,5,1,0
BRDA:60,6,0,0
BRF:13
BRH:0
end_of_record
TN:
SF:src/Questionnaires/ICHOM/LPC/PatientFactors/consts.ts
FN:6,(anonymous_0)
FNF:1
FNH:0
FNDA:0,(anonymous_0)
DA:1,1
DA:2,1
DA:4,1
DA:6,0
LF:4
LH:3
BRF:0
BRH:0
end_of_record
TN:
SF:src/Questionnaires/ICHOM/LPC/PatientReportedHealthStatus/PatientReportedHealthStatus.tsx
FN:24,(anonymous_8)
FN:63,(anonymous_9)
FN:78,(anonymous_10)
FN:98,(anonymous_11)
FN:100,(anonymous_12)
FN:104,(anonymous_13)
FN:107,(anonymous_14)
FN:121,(anonymous_15)
FNF:8
FNH:1
FNDA:1,(anonymous_8)
FNDA:0,(anonymous_9)
FNDA:0,(anonymous_10)
FNDA:0,(anonymous_11)
FNDA:0,(anonymous_12)
FNDA:0,(anonymous_13)
FNDA:0,(anonymous_14)
FNDA:0,(anonymous_15)
DA:1,1
DA:3,1
DA:4,1
DA:5,1
DA:6,1
DA:7,1
DA:8,1
DA:9,1
DA:10,1
DA:24,1
DA:63,1
DA:64,0
DA:78,0
DA:98,1
DA:99,0
DA:100,0
DA:101,0
DA:104,1
DA:105,0
DA:106,0
DA:107,0
DA:108,0
DA:109,0
DA:114,0
DA:115,0
DA:116,0
DA:117,0
DA:118,0
DA:119,0
DA:121,0
DA:122,0
DA:123,0
DA:124,0
DA:126,0
DA:127,0
DA:129,0
LF:36
LH:13
BRDA:75,0,0,0
BRDA:75,0,1,0
BRDA:104,1,0,0
BRDA:104,1,1,0
BRDA:105,2,0,0
BRDA:105,2,1,0
BRDA:106,3,0,0
BRDA:106,3,1,0
BRDA:111,4,0,0
BRDA:111,4,1,0
BRDA:112,5,0,0
BRDA:112,5,1,0
BRDA:118,6,0,0
BRDA:118,6,1,0
BRDA:123,7,0,0
BRF:15
BRH:0
end_of_record
TN:
SF:src/Questionnaires/ICHOM/LPC/PatientReportedHealthStatus/consts.ts
FNF:0
FNH:0
DA:1,1
DA:3,1
LF:2
LH:2
BRF:0
BRH:0
end_of_record
TN:
SF:src/Questionnaires/ICHOM/LPC/SurvivalDiseaseControl/SurvivalDiseaseControl.tsx
FN:38,(anonymous_8)
FN:53,(anonymous_9)
FN:55,(anonymous_10)
FN:61,(anonymous_11)
FN:65,(anonymous_12)
FN:81,(anonymous_13)
FN:91,(anonymous_14)
FN:138,(anonymous_15)
FNF:8
FNH:1
FNDA:1,(anonymous_8)
FNDA:0,(anonymous_9)
FNDA:0,(anonymous_10)
FNDA:0,(anonymous_11)
FNDA:0,(anonymous_12)
FNDA:0,(anonymous_13)
FNDA:0,(anonymous_14)
FNDA:0,(anonymous_15)
DA:1,1
DA:2,1
DA:3,1
DA:4,1
DA:5,1
DA:6,1
DA:7,1
DA:9,1
DA:10,1
DA:12,1
DA:16,1
DA:38,1
DA:53,1
DA:54,0
DA:55,0
DA:56,0
DA:58,0
DA:61,1
DA:62,0
DA:63,0
DA:65,0
DA:66,0
DA:67,0
DA:72,0
DA:73,0
DA:74,0
DA:75,0
DA:76,0
DA:77,0
DA:78,0
DA:79,0
DA:81,0
DA:82,0
DA:83,0
DA:84,0
DA:86,0
DA:87,0
DA:89,0
DA:92,0
DA:93,0
DA:138,0
LF:41
LH:14
BRDA:61,0,0,0
BRDA:61,0,1,0
BRDA:62,1,0,0
BRDA:62,1,1,0
BRDA:63,2,0,0
BRDA:63,2,1,0
BRDA:69,3,0,0
BRDA:69,3,1,0
BRDA:70,4,0,0
BRDA:70,4,1,0
BRDA:77,5,0,0
BRDA:77,5,1,0
BRDA:83,6,0,0
BRF:13
BRH:0
end_of_record
TN:
SF:src/Questionnaires/ICHOM/LPC/SurvivalDiseaseControl/consts.ts
FNF:0
FNH:0
DA:1,1
DA:3,1
LF:2
LH:2
BRF:0
BRH:0
end_of_record
TN:
SF:src/Questionnaires/ICHOM/LPC/TreatmentVariables/TreatmentVariables.tsx
FN:73,(anonymous_8)
FN:129,(anonymous_9)
FN:131,(anonymous_10)
FN:136,(anonymous_11)
FN:140,(anonymous_12)
FN:154,(anonymous_13)
FN:166,(anonymous_14)
FN:506,(anonymous_15)
FN:586,(anonymous_16)
FN:935,(anonymous_17)
FN:1015,(anonymous_18)
FNF:11
FNH:1
FNDA:1,(anonymous_8)
FNDA:0,(anonymous_9)
FNDA:0,(anonymous_10)
FNDA:0,(anonymous_11)
FNDA:0,(anonymous_12)
FNDA:0,(anonymous_13)
FNDA:0,(anonymous_14)
FNDA:0,(anonymous_15)
FNDA:0,(anonymous_16)
FNDA:0,(anonymous_17)
FNDA:0,(anonymous_18)
DA:1,1
DA:3,1
DA:4,1
DA:5,1
DA:6,1
DA:7,1
DA:8,1
DA:9,1
DA:12,1
DA:73,1
DA:129,1
DA:130,0
DA:131,0
DA:132,0
DA:136,1
DA:137,0
DA:138,0
DA:140,0
DA:141,0
DA:142,0
DA:147,0
DA:148,0
DA:149,0
DA:150,0
DA:151,0
DA:152,0
DA:154,0
DA:155,0
DA:156,0
DA:157,0
DA:159,0
DA:160,0
DA:164,0
DA:166,0
DA:167,0
DA:506,0
DA:586,0
DA:935,0
DA:1015,0
LF:39
LH:12
BRDA:136,0,0,0
BRDA:136,0,1,0
BRDA:137,1,0,0
BRDA:137,1,1,0
BRDA:138,2,0,0
BRDA:138,2,1,0
BRDA:144,3,0,0
BRDA:144,3,1,0
BRDA:145,4,0,0
BRDA:145,4,1,0
BRDA:151,5,0,0
BRDA:151,5,1,0
BRDA:156,6,0,0
BRDA:202,7,0,0
BRDA:202,7,1,0
BRDA:224,8,0,0
BRDA:224,8,1,0
BRDA:246,9,0,0
BRDA:246,9,1,0
BRDA:271,10,0,0
BRDA:271,10,1,0
BRDA:280,11,0,0
BRDA:280,11,1,0
BRDA:280,11,2,0
BRDA:290,12,0,0
BRDA:290,12,1,0
BRDA:320,13,0,0
BRDA:320,13,1,0
BRDA:329,14,0,0
BRDA:329,14,1,0
BRDA:329,14,2,0
BRDA:339,15,0,0
BRDA:339,15,1,0
BRDA:368,16,0,0
BRDA:368,16,1,0
BRDA:377,17,0,0
BRDA:377,17,1,0
BRDA:377,17,2,0
BRDA:387,18,0,0
BRDA:387,18,1,0
BRDA:416,19,0,0
BRDA:416,19,1,0
BRDA:425,20,0,0
BRDA:425,20,1,0
BRDA:425,20,2,0
BRDA:435,21,0,0
BRDA:435,21,1,0
BRDA:465,22,0,0
BRDA:465,22,1,0
BRDA:474,23,0,0
BRDA:474,23,1,0
BRDA:474,23,2,0
BRDA:484,24,0,0
BRDA:484,24,1,0
BRDA:496,25,0,0
BRDA:496,25,1,0
BRDA:496,25,2,0
BRDA:525,26,0,0
BRDA:525,26,1,0
BRDA:525,26,2,0
BRDA:576,27,0,0
BRDA:576,27,1,0
BRDA:576,27,2,0
BRDA:605,28,0,0
BRDA:605,28,1,0
BRDA:605,28,2,0
BRDA:641,29,0,0
BRDA:641,29,1,0
BRDA:675,30,0,0
BRDA:675,30,1,0
BRDA:700,31,0,0
BRDA:700,31,1,0
BRDA:709,32,0,0
BRDA:709,32,1,0
BRDA:709,32,2,0
BRDA:719,33,0,0
BRDA:719,33,1,0
BRDA:749,34,0,0
BRDA:749,34,1,0
BRDA:758,35,0,0
BRDA:758,35,1,0
BRDA:758,35,2,0
BRDA:768,36,0,0
BRDA:768,36,1,0
BRDA:797,37,0,0
BRDA:797,37,1,0
BRDA:806,38,0,0
BRDA:806,38,1,0
BRDA:806,38,2,0
BRDA:816,39,0,0
BRDA:816,39,1,0
BRDA:845,40,0,0
BRDA:845,40,1,0
BRDA:854,41,0,0
BRDA:854,41,1,0
BRDA:854,41,2,0
BRDA:864,42,0,0
BRDA:864,42,1,0
BRDA:894,43,0,0
BRDA:894,43,1,0
BRDA:903,44,0,0
BRDA:903,44,1,0
BRDA:903,44,2,0
BRDA:913,45,0,0
BRDA:913,45,1,0
BRDA:925,46,0,0
BRDA:925,46,1,0
BRDA:925,46,2,0
BRDA:954,47,0,0
BRDA:954,47,1,0
BRDA:954,47,2,0
BRDA:1005,48,0,0
BRDA:1005,48,1,0
BRDA:1005,48,2,0
BRF:114
BRH:0
end_of_record
TN:
SF:src/Questionnaires/ICHOM/LPC/TreatmentVariables/consts.ts
FN:5,(anonymous_0)
FN:31,(anonymous_1)
FNF:2
FNH:1
FNDA:2,(anonymous_0)
FNDA:0,(anonymous_1)
DA:1,1
DA:2,1
DA:4,1
DA:5,2
DA:31,0
LF:5
LH:4
BRF:0
BRH:0
end_of_record
TN:
SF:src/util/dispatch.ts
FN:3,(anonymous_0)
FN:6,(anonymous_1)
FNF:2
FNH:0
FNDA:0,(anonymous_0)
FNDA:0,(anonymous_1)
DA:3,7
DA:4,0
DA:6,7
DA:10,0
LF:4
LH:2
BRDA:10,0,0,0
BRDA:10,0,1,0
BRF:2
BRH:0
end_of_record
